{"C:\\Users\\Albert\\Desktop\\DAW\\2do\\Projecte\\App_Transporte\\src\\theme.ts": {"path":"C:\\Users\\Albert\\Desktop\\DAW\\2do\\Projecte\\App_Transporte\\src\\theme.ts","statementMap":{"0":{"start":{"line":1,"column":21},"end":{"line":13,"column":10}}},"fnMap":{},"branchMap":{},"s":{"0":2},"f":{},"b":{},"_coverageSchema":"1a1c01bbd47fc00a2c39e90264f33305004495a9","hash":"0b6b120f3ee5f088d21d739839f1865aa1d4737c"}
,"C:\\Users\\Albert\\Desktop\\DAW\\2do\\Projecte\\App_Transporte\\src\\components\\AppErrorBoundary.tsx": {"path":"C:\\Users\\Albert\\Desktop\\DAW\\2do\\Projecte\\App_Transporte\\src\\components\\AppErrorBoundary.tsx","statementMap":{"0":{"start":{"line":16,"column":17},"end":{"line":16,"column":49}},"1":{"start":{"line":19,"column":4},"end":{"line":19,"column":77}},"2":{"start":{"line":23,"column":4},"end":{"line":25,"column":5}},"3":{"start":{"line":24,"column":6},"end":{"line":24,"column":70}},"4":{"start":{"line":26,"column":4},"end":{"line":26,"column":69}},"5":{"start":{"line":29,"column":24},"end":{"line":31,"column":3}},"6":{"start":{"line":30,"column":4},"end":{"line":30,"column":52}},"7":{"start":{"line":34,"column":4},"end":{"line":55,"column":5}},"8":{"start":{"line":35,"column":6},"end":{"line":54,"column":8}},"9":{"start":{"line":48,"column":38},"end":{"line":48,"column":80}},"10":{"start":{"line":57,"column":4},"end":{"line":57,"column":31}},"11":{"start":{"line":61,"column":15},"end":{"line":99,"column":2}}},"fnMap":{"0":{"name":"(anonymous_0)","decl":{"start":{"line":18,"column":2},"end":{"line":18,"column":3}},"loc":{"start":{"line":18,"column":55},"end":{"line":20,"column":3}},"line":18},"1":{"name":"(anonymous_1)","decl":{"start":{"line":22,"column":2},"end":{"line":22,"column":3}},"loc":{"start":{"line":22,"column":57},"end":{"line":27,"column":3}},"line":22},"2":{"name":"(anonymous_2)","decl":{"start":{"line":29,"column":24},"end":{"line":29,"column":25}},"loc":{"start":{"line":29,"column":36},"end":{"line":31,"column":3}},"line":29},"3":{"name":"(anonymous_3)","decl":{"start":{"line":33,"column":2},"end":{"line":33,"column":3}},"loc":{"start":{"line":33,"column":22},"end":{"line":58,"column":3}},"line":33},"4":{"name":"(anonymous_4)","decl":{"start":{"line":48,"column":21},"end":{"line":48,"column":22}},"loc":{"start":{"line":48,"column":38},"end":{"line":48,"column":80}},"line":48}},"branchMap":{"0":{"loc":{"start":{"line":19,"column":38},"end":{"line":19,"column":74}},"type":"binary-expr","locations":[{"start":{"line":19,"column":38},"end":{"line":19,"column":51}},{"start":{"line":19,"column":55},"end":{"line":19,"column":74}}],"line":19},"1":{"loc":{"start":{"line":23,"column":4},"end":{"line":25,"column":5}},"type":"if","locations":[{"start":{"line":23,"column":4},"end":{"line":25,"column":5}},{"start":{},"end":{}}],"line":23},"2":{"loc":{"start":{"line":34,"column":4},"end":{"line":55,"column":5}},"type":"if","locations":[{"start":{"line":34,"column":4},"end":{"line":55,"column":5}},{"start":{},"end":{}}],"line":34},"3":{"loc":{"start":{"line":43,"column":13},"end":{"line":43,"column":84}},"type":"cond-expr","locations":[{"start":{"line":43,"column":23},"end":{"line":43,"column":77}},{"start":{"line":43,"column":80},"end":{"line":43,"column":84}}],"line":43},"4":{"loc":{"start":{"line":48,"column":51},"end":{"line":48,"column":79}},"type":"binary-expr","locations":[{"start":{"line":48,"column":51},"end":{"line":48,"column":58}},{"start":{"line":48,"column":62},"end":{"line":48,"column":79}}],"line":48}},"s":{"0":0,"1":0,"2":0,"3":0,"4":0,"5":0,"6":0,"7":0,"8":0,"9":0,"10":0,"11":0},"f":{"0":0,"1":0,"2":0,"3":0,"4":0},"b":{"0":[0,0],"1":[0,0],"2":[0,0],"3":[0,0],"4":[0,0]}}
,"C:\\Users\\Albert\\Desktop\\DAW\\2do\\Projecte\\App_Transporte\\src\\components\\CarrierHome.tsx": {"path":"C:\\Users\\Albert\\Desktop\\DAW\\2do\\Projecte\\App_Transporte\\src\\components\\CarrierHome.tsx","statementMap":{"0":{"start":{"line":60,"column":29},"end":{"line":60,"column":53}},"1":{"start":{"line":63,"column":34},"end":{"line":63,"column":49}},"2":{"start":{"line":64,"column":50},"end":{"line":64,"column":65}},"3":{"start":{"line":65,"column":26},"end":{"line":65,"column":75}},"4":{"start":{"line":66,"column":50},"end":{"line":66,"column":65}},"5":{"start":{"line":67,"column":42},"end":{"line":67,"column":62}},"6":{"start":{"line":68,"column":40},"end":{"line":68,"column":78}},"7":{"start":{"line":70,"column":19},"end":{"line":70,"column":29}},"8":{"start":{"line":71,"column":2},"end":{"line":71,"column":43}},"9":{"start":{"line":72,"column":18},"end":{"line":72,"column":28}},"10":{"start":{"line":73,"column":2},"end":{"line":73,"column":41}},"11":{"start":{"line":75,"column":30},"end":{"line":79,"column":4}},"12":{"start":{"line":81,"column":26},"end":{"line":81,"column":97}},"13":{"start":{"line":81,"column":40},"end":{"line":81,"column":86}},"14":{"start":{"line":81,"column":61},"end":{"line":81,"column":85}},"15":{"start":{"line":83,"column":2},"end":{"line":89,"column":17}},"16":{"start":{"line":84,"column":4},"end":{"line":87,"column":5}},"17":{"start":{"line":85,"column":20},"end":{"line":85,"column":69}},"18":{"start":{"line":85,"column":37},"end":{"line":85,"column":62}},"19":{"start":{"line":86,"column":6},"end":{"line":86,"column":39}},"20":{"start":{"line":86,"column":19},"end":{"line":86,"column":38}},"21":{"start":{"line":88,"column":4},"end":{"line":88,"column":31}},"22":{"start":{"line":91,"column":29},"end":{"line":94,"column":3}},"23":{"start":{"line":92,"column":4},"end":{"line":92,"column":98}},"24":{"start":{"line":92,"column":24},"end":{"line":92,"column":96}},"25":{"start":{"line":92,"column":41},"end":{"line":92,"column":94}},"26":{"start":{"line":93,"column":4},"end":{"line":93,"column":30}},"27":{"start":{"line":96,"column":12},"end":{"line":96,"column":32}},"28":{"start":{"line":98,"column":22},"end":{"line":98,"column":93}},"29":{"start":{"line":98,"column":55},"end":{"line":98,"column":93}},"30":{"start":{"line":99,"column":26},"end":{"line":99,"column":92}},"31":{"start":{"line":99,"column":59},"end":{"line":99,"column":92}},"32":{"start":{"line":101,"column":27},"end":{"line":101,"column":91}},"33":{"start":{"line":102,"column":22},"end":{"line":102,"column":90}},"34":{"start":{"line":104,"column":33},"end":{"line":111,"column":50}},"35":{"start":{"line":105,"column":4},"end":{"line":110,"column":6}},"36":{"start":{"line":107,"column":8},"end":{"line":109,"column":62}},"37":{"start":{"line":113,"column":27},"end":{"line":119,"column":5}},"38":{"start":{"line":114,"column":4},"end":{"line":119,"column":5}},"39":{"start":{"line":116,"column":8},"end":{"line":118,"column":62}},"40":{"start":{"line":121,"column":21},"end":{"line":121,"column":60}},"41":{"start":{"line":123,"column":2},"end":{"line":441,"column":4}},"42":{"start":{"line":148,"column":40},"end":{"line":148,"column":92}},"43":{"start":{"line":153,"column":31},"end":{"line":153,"column":53}},"44":{"start":{"line":177,"column":27},"end":{"line":177,"column":43}},"45":{"start":{"line":184,"column":27},"end":{"line":184,"column":43}},"46":{"start":{"line":244,"column":42},"end":{"line":244,"column":61}},"47":{"start":{"line":261,"column":29},"end":{"line":261,"column":51}},"48":{"start":{"line":263,"column":16},"end":{"line":286,"column":23}},"49":{"start":{"line":282,"column":44},"end":{"line":282,"column":65}},"50":{"start":{"line":294,"column":40},"end":{"line":294,"column":56}},"51":{"start":{"line":303,"column":18},"end":{"line":303,"column":103}},"52":{"start":{"line":316,"column":18},"end":{"line":316,"column":103}},"53":{"start":{"line":324,"column":16},"end":{"line":326,"column":23}},"54":{"start":{"line":331,"column":16},"end":{"line":331,"column":67}},"55":{"start":{"line":334,"column":28},"end":{"line":334,"column":33}},"56":{"start":{"line":336,"column":18},"end":{"line":336,"column":99}},"57":{"start":{"line":337,"column":29},"end":{"line":337,"column":50}},"58":{"start":{"line":338,"column":30},"end":{"line":338,"column":49}},"59":{"start":{"line":339,"column":16},"end":{"line":352,"column":18}},"60":{"start":{"line":342,"column":35},"end":{"line":342,"column":54}},"61":{"start":{"line":358,"column":16},"end":{"line":369,"column":23}},"62":{"start":{"line":388,"column":16},"end":{"line":388,"column":43}},"63":{"start":{"line":389,"column":16},"end":{"line":389,"column":36}},"64":{"start":{"line":427,"column":42},"end":{"line":427,"column":68}},"65":{"start":{"line":431,"column":42},"end":{"line":431,"column":68}},"66":{"start":{"line":445,"column":12},"end":{"line":445,"column":31}},"67":{"start":{"line":446,"column":2},"end":{"line":452,"column":10}},"68":{"start":{"line":447,"column":4},"end":{"line":451,"column":6}},"69":{"start":{"line":453,"column":20},"end":{"line":456,"column":5}},"70":{"start":{"line":453,"column":44},"end":{"line":456,"column":3}},"71":{"start":{"line":457,"column":2},"end":{"line":462,"column":4}},"72":{"start":{"line":465,"column":14},"end":{"line":465,"column":29}},"73":{"start":{"line":467,"column":15},"end":{"line":804,"column":2}}},"fnMap":{"0":{"name":"CarrierHome","decl":{"start":{"line":62,"column":24},"end":{"line":62,"column":35}},"loc":{"start":{"line":62,"column":87},"end":{"line":442,"column":1}},"line":62},"1":{"name":"(anonymous_1)","decl":{"start":{"line":81,"column":34},"end":{"line":81,"column":35}},"loc":{"start":{"line":81,"column":40},"end":{"line":81,"column":86}},"line":81},"2":{"name":"(anonymous_2)","decl":{"start":{"line":81,"column":54},"end":{"line":81,"column":55}},"loc":{"start":{"line":81,"column":61},"end":{"line":81,"column":85}},"line":81},"3":{"name":"(anonymous_3)","decl":{"start":{"line":83,"column":12},"end":{"line":83,"column":13}},"loc":{"start":{"line":83,"column":18},"end":{"line":89,"column":3}},"line":83},"4":{"name":"(anonymous_4)","decl":{"start":{"line":85,"column":31},"end":{"line":85,"column":32}},"loc":{"start":{"line":85,"column":37},"end":{"line":85,"column":62}},"line":85},"5":{"name":"(anonymous_5)","decl":{"start":{"line":86,"column":13},"end":{"line":86,"column":14}},"loc":{"start":{"line":86,"column":19},"end":{"line":86,"column":38}},"line":86},"6":{"name":"(anonymous_6)","decl":{"start":{"line":91,"column":29},"end":{"line":91,"column":30}},"loc":{"start":{"line":91,"column":47},"end":{"line":94,"column":3}},"line":91},"7":{"name":"(anonymous_7)","decl":{"start":{"line":92,"column":14},"end":{"line":92,"column":15}},"loc":{"start":{"line":92,"column":24},"end":{"line":92,"column":96}},"line":92},"8":{"name":"(anonymous_8)","decl":{"start":{"line":92,"column":33},"end":{"line":92,"column":34}},"loc":{"start":{"line":92,"column":41},"end":{"line":92,"column":94}},"line":92},"9":{"name":"(anonymous_9)","decl":{"start":{"line":98,"column":22},"end":{"line":98,"column":23}},"loc":{"start":{"line":98,"column":55},"end":{"line":98,"column":93}},"line":98},"10":{"name":"(anonymous_10)","decl":{"start":{"line":99,"column":26},"end":{"line":99,"column":27}},"loc":{"start":{"line":99,"column":59},"end":{"line":99,"column":92}},"line":99},"11":{"name":"(anonymous_11)","decl":{"start":{"line":104,"column":41},"end":{"line":104,"column":42}},"loc":{"start":{"line":104,"column":47},"end":{"line":111,"column":3}},"line":104},"12":{"name":"(anonymous_12)","decl":{"start":{"line":106,"column":6},"end":{"line":106,"column":7}},"loc":{"start":{"line":107,"column":8},"end":{"line":109,"column":62}},"line":107},"13":{"name":"(anonymous_13)","decl":{"start":{"line":113,"column":27},"end":{"line":113,"column":28}},"loc":{"start":{"line":114,"column":4},"end":{"line":119,"column":5}},"line":114},"14":{"name":"(anonymous_14)","decl":{"start":{"line":115,"column":6},"end":{"line":115,"column":7}},"loc":{"start":{"line":116,"column":8},"end":{"line":118,"column":62}},"line":116},"15":{"name":"(anonymous_15)","decl":{"start":{"line":148,"column":23},"end":{"line":148,"column":24}},"loc":{"start":{"line":148,"column":40},"end":{"line":148,"column":92}},"line":148},"16":{"name":"(anonymous_16)","decl":{"start":{"line":153,"column":25},"end":{"line":153,"column":26}},"loc":{"start":{"line":153,"column":31},"end":{"line":153,"column":53}},"line":153},"17":{"name":"(anonymous_17)","decl":{"start":{"line":177,"column":21},"end":{"line":177,"column":22}},"loc":{"start":{"line":177,"column":27},"end":{"line":177,"column":43}},"line":177},"18":{"name":"(anonymous_18)","decl":{"start":{"line":184,"column":21},"end":{"line":184,"column":22}},"loc":{"start":{"line":184,"column":27},"end":{"line":184,"column":43}},"line":184},"19":{"name":"(anonymous_19)","decl":{"start":{"line":244,"column":36},"end":{"line":244,"column":37}},"loc":{"start":{"line":244,"column":42},"end":{"line":244,"column":61}},"line":244},"20":{"name":"(anonymous_20)","decl":{"start":{"line":261,"column":22},"end":{"line":261,"column":23}},"loc":{"start":{"line":261,"column":29},"end":{"line":261,"column":51}},"line":261},"21":{"name":"(anonymous_21)","decl":{"start":{"line":262,"column":19},"end":{"line":262,"column":20}},"loc":{"start":{"line":263,"column":16},"end":{"line":286,"column":23}},"line":263},"22":{"name":"(anonymous_22)","decl":{"start":{"line":282,"column":38},"end":{"line":282,"column":39}},"loc":{"start":{"line":282,"column":44},"end":{"line":282,"column":65}},"line":282},"23":{"name":"(anonymous_23)","decl":{"start":{"line":294,"column":34},"end":{"line":294,"column":35}},"loc":{"start":{"line":294,"column":40},"end":{"line":294,"column":56}},"line":294},"24":{"name":"(anonymous_24)","decl":{"start":{"line":302,"column":25},"end":{"line":302,"column":26}},"loc":{"start":{"line":303,"column":18},"end":{"line":303,"column":103}},"line":303},"25":{"name":"(anonymous_25)","decl":{"start":{"line":315,"column":25},"end":{"line":315,"column":26}},"loc":{"start":{"line":316,"column":18},"end":{"line":316,"column":103}},"line":316},"26":{"name":"(anonymous_26)","decl":{"start":{"line":323,"column":62},"end":{"line":323,"column":63}},"loc":{"start":{"line":324,"column":16},"end":{"line":326,"column":23}},"line":324},"27":{"name":"(anonymous_27)","decl":{"start":{"line":330,"column":54},"end":{"line":330,"column":55}},"loc":{"start":{"line":331,"column":16},"end":{"line":331,"column":67}},"line":331},"28":{"name":"(anonymous_28)","decl":{"start":{"line":333,"column":60},"end":{"line":333,"column":61}},"loc":{"start":{"line":333,"column":70},"end":{"line":353,"column":15}},"line":333},"29":{"name":"(anonymous_29)","decl":{"start":{"line":342,"column":29},"end":{"line":342,"column":30}},"loc":{"start":{"line":342,"column":35},"end":{"line":342,"column":54}},"line":342},"30":{"name":"(anonymous_30)","decl":{"start":{"line":357,"column":41},"end":{"line":357,"column":42}},"loc":{"start":{"line":358,"column":16},"end":{"line":369,"column":23}},"line":358},"31":{"name":"(anonymous_31)","decl":{"start":{"line":387,"column":23},"end":{"line":387,"column":24}},"loc":{"start":{"line":387,"column":29},"end":{"line":390,"column":15}},"line":387},"32":{"name":"(anonymous_32)","decl":{"start":{"line":427,"column":36},"end":{"line":427,"column":37}},"loc":{"start":{"line":427,"column":42},"end":{"line":427,"column":68}},"line":427},"33":{"name":"(anonymous_33)","decl":{"start":{"line":431,"column":36},"end":{"line":431,"column":37}},"loc":{"start":{"line":431,"column":42},"end":{"line":431,"column":68}},"line":431},"34":{"name":"RadarRipple","decl":{"start":{"line":444,"column":9},"end":{"line":444,"column":20}},"loc":{"start":{"line":444,"column":23},"end":{"line":463,"column":1}},"line":444},"35":{"name":"(anonymous_35)","decl":{"start":{"line":446,"column":12},"end":{"line":446,"column":13}},"loc":{"start":{"line":446,"column":18},"end":{"line":452,"column":3}},"line":446},"36":{"name":"(anonymous_36)","decl":{"start":{"line":453,"column":37},"end":{"line":453,"column":38}},"loc":{"start":{"line":453,"column":44},"end":{"line":456,"column":3}},"line":453}},"branchMap":{"0":{"loc":{"start":{"line":84,"column":4},"end":{"line":87,"column":5}},"type":"if","locations":[{"start":{"line":84,"column":4},"end":{"line":87,"column":5}},{"start":{},"end":{}}],"line":84},"1":{"loc":{"start":{"line":92,"column":41},"end":{"line":92,"column":94}},"type":"cond-expr","locations":[{"start":{"line":92,"column":61},"end":{"line":92,"column":90}},{"start":{"line":92,"column":93},"end":{"line":92,"column":94}}],"line":92},"2":{"loc":{"start":{"line":107,"column":8},"end":{"line":109,"column":62}},"type":"binary-expr","locations":[{"start":{"line":107,"column":8},"end":{"line":107,"column":43}},{"start":{"line":108,"column":8},"end":{"line":108,"column":56}},{"start":{"line":109,"column":8},"end":{"line":109,"column":62}}],"line":107},"3":{"loc":{"start":{"line":116,"column":8},"end":{"line":118,"column":62}},"type":"binary-expr","locations":[{"start":{"line":116,"column":8},"end":{"line":116,"column":35}},{"start":{"line":117,"column":8},"end":{"line":117,"column":56}},{"start":{"line":118,"column":8},"end":{"line":118,"column":62}}],"line":116},"4":{"loc":{"start":{"line":121,"column":21},"end":{"line":121,"column":60}},"type":"cond-expr","locations":[{"start":{"line":121,"column":41},"end":{"line":121,"column":42}},{"start":{"line":121,"column":45},"end":{"line":121,"column":60}}],"line":121},"5":{"loc":{"start":{"line":125,"column":7},"end":{"line":166,"column":14}},"type":"cond-expr","locations":[{"start":{"line":126,"column":8},"end":{"line":165,"column":15}},{"start":{"line":166,"column":10},"end":{"line":166,"column":14}}],"line":125},"6":{"loc":{"start":{"line":128,"column":11},"end":{"line":132,"column":11}},"type":"binary-expr","locations":[{"start":{"line":128,"column":11},"end":{"line":128,"column":19}},{"start":{"line":129,"column":12},"end":{"line":131,"column":19}}],"line":128},"7":{"loc":{"start":{"line":148,"column":63},"end":{"line":148,"column":91}},"type":"binary-expr","locations":[{"start":{"line":148,"column":63},"end":{"line":148,"column":70}},{"start":{"line":148,"column":74},"end":{"line":148,"column":91}}],"line":148},"8":{"loc":{"start":{"line":155,"column":36},"end":{"line":155,"column":89}},"type":"cond-expr","locations":[{"start":{"line":155,"column":47},"end":{"line":155,"column":68}},{"start":{"line":155,"column":71},"end":{"line":155,"column":89}}],"line":155},"9":{"loc":{"start":{"line":156,"column":41},"end":{"line":156,"column":90}},"type":"cond-expr","locations":[{"start":{"line":156,"column":52},"end":{"line":156,"column":69}},{"start":{"line":156,"column":72},"end":{"line":156,"column":90}}],"line":156},"10":{"loc":{"start":{"line":158,"column":30},"end":{"line":158,"column":63}},"type":"cond-expr","locations":[{"start":{"line":158,"column":41},"end":{"line":158,"column":47}},{"start":{"line":158,"column":50},"end":{"line":158,"column":63}}],"line":158},"11":{"loc":{"start":{"line":159,"column":47},"end":{"line":159,"column":76}},"type":"binary-expr","locations":[{"start":{"line":159,"column":47},"end":{"line":159,"column":55}},{"start":{"line":159,"column":59},"end":{"line":159,"column":76}}],"line":159},"12":{"loc":{"start":{"line":160,"column":19},"end":{"line":160,"column":51}},"type":"cond-expr","locations":[{"start":{"line":160,"column":30},"end":{"line":160,"column":38}},{"start":{"line":160,"column":41},"end":{"line":160,"column":51}}],"line":160},"13":{"loc":{"start":{"line":169,"column":30},"end":{"line":169,"column":73}},"type":"binary-expr","locations":[{"start":{"line":169,"column":30},"end":{"line":169,"column":49}},{"start":{"line":169,"column":53},"end":{"line":169,"column":73}}],"line":169},"14":{"loc":{"start":{"line":173,"column":9},"end":{"line":173,"column":68}},"type":"cond-expr","locations":[{"start":{"line":173,"column":31},"end":{"line":173,"column":61}},{"start":{"line":173,"column":64},"end":{"line":173,"column":68}}],"line":173},"15":{"loc":{"start":{"line":178,"column":32},"end":{"line":178,"column":68}},"type":"binary-expr","locations":[{"start":{"line":178,"column":32},"end":{"line":178,"column":48}},{"start":{"line":178,"column":52},"end":{"line":178,"column":68}}],"line":178},"16":{"loc":{"start":{"line":180,"column":26},"end":{"line":180,"column":67}},"type":"cond-expr","locations":[{"start":{"line":180,"column":45},"end":{"line":180,"column":51}},{"start":{"line":180,"column":54},"end":{"line":180,"column":67}}],"line":180},"17":{"loc":{"start":{"line":181,"column":41},"end":{"line":181,"column":80}},"type":"binary-expr","locations":[{"start":{"line":181,"column":41},"end":{"line":181,"column":57}},{"start":{"line":181,"column":61},"end":{"line":181,"column":80}}],"line":181},"18":{"loc":{"start":{"line":185,"column":32},"end":{"line":185,"column":68}},"type":"binary-expr","locations":[{"start":{"line":185,"column":32},"end":{"line":185,"column":48}},{"start":{"line":185,"column":52},"end":{"line":185,"column":68}}],"line":185},"19":{"loc":{"start":{"line":187,"column":25},"end":{"line":187,"column":66}},"type":"cond-expr","locations":[{"start":{"line":187,"column":44},"end":{"line":187,"column":50}},{"start":{"line":187,"column":53},"end":{"line":187,"column":66}}],"line":187},"20":{"loc":{"start":{"line":188,"column":41},"end":{"line":188,"column":80}},"type":"binary-expr","locations":[{"start":{"line":188,"column":41},"end":{"line":188,"column":57}},{"start":{"line":188,"column":61},"end":{"line":188,"column":80}}],"line":188},"21":{"loc":{"start":{"line":192,"column":9},"end":{"line":237,"column":9}},"type":"binary-expr","locations":[{"start":{"line":192,"column":9},"end":{"line":192,"column":25}},{"start":{"line":193,"column":10},"end":{"line":236,"column":17}}],"line":192},"22":{"loc":{"start":{"line":210,"column":13},"end":{"line":223,"column":13}},"type":"binary-expr","locations":[{"start":{"line":210,"column":13},"end":{"line":210,"column":39}},{"start":{"line":211,"column":14},"end":{"line":222,"column":21}}],"line":210},"23":{"loc":{"start":{"line":239,"column":9},"end":{"line":289,"column":9}},"type":"binary-expr","locations":[{"start":{"line":239,"column":9},"end":{"line":239,"column":25}},{"start":{"line":240,"column":10},"end":{"line":288,"column":17}}],"line":239},"24":{"loc":{"start":{"line":291,"column":9},"end":{"line":375,"column":9}},"type":"binary-expr","locations":[{"start":{"line":291,"column":9},"end":{"line":291,"column":28}},{"start":{"line":292,"column":10},"end":{"line":374,"column":17}}],"line":291},"25":{"loc":{"start":{"line":309,"column":45},"end":{"line":309,"column":78}},"type":"cond-expr","locations":[{"start":{"line":309,"column":61},"end":{"line":309,"column":68}},{"start":{"line":309,"column":71},"end":{"line":309,"column":78}}],"line":309},"26":{"loc":{"start":{"line":336,"column":18},"end":{"line":336,"column":99}},"type":"binary-expr","locations":[{"start":{"line":336,"column":18},"end":{"line":336,"column":46}},{"start":{"line":336,"column":50},"end":{"line":336,"column":99}}],"line":336},"27":{"loc":{"start":{"line":345,"column":22},"end":{"line":345,"column":47}},"type":"binary-expr","locations":[{"start":{"line":345,"column":22},"end":{"line":345,"column":27}},{"start":{"line":345,"column":31},"end":{"line":345,"column":47}}],"line":345},"28":{"loc":{"start":{"line":346,"column":22},"end":{"line":346,"column":61}},"type":"binary-expr","locations":[{"start":{"line":346,"column":22},"end":{"line":346,"column":28}},{"start":{"line":346,"column":32},"end":{"line":346,"column":39}},{"start":{"line":346,"column":43},"end":{"line":346,"column":61}}],"line":346},"29":{"loc":{"start":{"line":349,"column":52},"end":{"line":349,"column":78}},"type":"binary-expr","locations":[{"start":{"line":349,"column":52},"end":{"line":349,"column":57}},{"start":{"line":349,"column":61},"end":{"line":349,"column":78}}],"line":349},"30":{"loc":{"start":{"line":350,"column":21},"end":{"line":350,"column":109}},"type":"cond-expr","locations":[{"start":{"line":350,"column":28},"end":{"line":350,"column":102}},{"start":{"line":350,"column":105},"end":{"line":350,"column":109}}],"line":350},"31":{"loc":{"start":{"line":350,"column":61},"end":{"line":350,"column":97}},"type":"binary-expr","locations":[{"start":{"line":350,"column":61},"end":{"line":350,"column":66}},{"start":{"line":350,"column":70},"end":{"line":350,"column":97}}],"line":350},"32":{"loc":{"start":{"line":356,"column":13},"end":{"line":373,"column":13}},"type":"cond-expr","locations":[{"start":{"line":357,"column":14},"end":{"line":370,"column":16}},{"start":{"line":372,"column":14},"end":{"line":372,"column":67}}],"line":356}},"s":{"0":0,"1":0,"2":0,"3":0,"4":0,"5":0,"6":0,"7":0,"8":0,"9":0,"10":0,"11":0,"12":0,"13":0,"14":0,"15":0,"16":0,"17":0,"18":0,"19":0,"20":0,"21":0,"22":0,"23":0,"24":0,"25":0,"26":0,"27":0,"28":0,"29":0,"30":0,"31":0,"32":0,"33":0,"34":0,"35":0,"36":0,"37":0,"38":0,"39":0,"40":0,"41":0,"42":0,"43":0,"44":0,"45":0,"46":0,"47":0,"48":0,"49":0,"50":0,"51":0,"52":0,"53":0,"54":0,"55":0,"56":0,"57":0,"58":0,"59":0,"60":0,"61":0,"62":0,"63":0,"64":0,"65":0,"66":0,"67":0,"68":0,"69":0,"70":0,"71":0,"72":0,"73":0},"f":{"0":0,"1":0,"2":0,"3":0,"4":0,"5":0,"6":0,"7":0,"8":0,"9":0,"10":0,"11":0,"12":0,"13":0,"14":0,"15":0,"16":0,"17":0,"18":0,"19":0,"20":0,"21":0,"22":0,"23":0,"24":0,"25":0,"26":0,"27":0,"28":0,"29":0,"30":0,"31":0,"32":0,"33":0,"34":0,"35":0,"36":0},"b":{"0":[0,0],"1":[0,0],"2":[0,0,0],"3":[0,0,0],"4":[0,0],"5":[0,0],"6":[0,0],"7":[0,0],"8":[0,0],"9":[0,0],"10":[0,0],"11":[0,0],"12":[0,0],"13":[0,0],"14":[0,0],"15":[0,0],"16":[0,0],"17":[0,0],"18":[0,0],"19":[0,0],"20":[0,0],"21":[0,0],"22":[0,0],"23":[0,0],"24":[0,0],"25":[0,0],"26":[0,0],"27":[0,0],"28":[0,0,0],"29":[0,0],"30":[0,0],"31":[0,0],"32":[0,0]}}
,"C:\\Users\\Albert\\Desktop\\DAW\\2do\\Projecte\\App_Transporte\\src\\components\\CarrierRegistration.tsx": {"path":"C:\\Users\\Albert\\Desktop\\DAW\\2do\\Projecte\\App_Transporte\\src\\components\\CarrierRegistration.tsx","statementMap":{"0":{"start":{"line":22,"column":15},"end":{"line":44,"column":10}},"1":{"start":{"line":46,"column":33},"end":{"line":51,"column":1}},"2":{"start":{"line":54,"column":12},"end":{"line":54,"column":24}},"3":{"start":{"line":55,"column":26},"end":{"line":55,"column":38}},"4":{"start":{"line":56,"column":32},"end":{"line":56,"column":44}},"5":{"start":{"line":57,"column":44},"end":{"line":57,"column":64}},"6":{"start":{"line":59,"column":23},"end":{"line":64,"column":3}},"7":{"start":{"line":60,"column":20},"end":{"line":60,"column":72}},"8":{"start":{"line":60,"column":46},"end":{"line":60,"column":71}},"9":{"start":{"line":61,"column":4},"end":{"line":63,"column":5}},"10":{"start":{"line":62,"column":6},"end":{"line":62,"column":73}},"11":{"start":{"line":66,"column":20},"end":{"line":66,"column":50}},"12":{"start":{"line":68,"column":2},"end":{"line":157,"column":4}},"13":{"start":{"line":79,"column":62},"end":{"line":79,"column":110}},"14":{"start":{"line":119,"column":24},"end":{"line":119,"column":49}},"15":{"start":{"line":120,"column":12},"end":{"line":139,"column":14}},"16":{"start":{"line":123,"column":31},"end":{"line":123,"column":56}},"17":{"start":{"line":146,"column":34},"end":{"line":150,"column":11}},"18":{"start":{"line":160,"column":15},"end":{"line":242,"column":2}}},"fnMap":{"0":{"name":"CarrierRegistration","decl":{"start":{"line":53,"column":24},"end":{"line":53,"column":43}},"loc":{"start":{"line":53,"column":81},"end":{"line":158,"column":1}},"line":53},"1":{"name":"(anonymous_1)","decl":{"start":{"line":59,"column":23},"end":{"line":59,"column":24}},"loc":{"start":{"line":59,"column":29},"end":{"line":64,"column":3}},"line":59},"2":{"name":"(anonymous_2)","decl":{"start":{"line":60,"column":39},"end":{"line":60,"column":40}},"loc":{"start":{"line":60,"column":46},"end":{"line":60,"column":71}},"line":60},"3":{"name":"(anonymous_3)","decl":{"start":{"line":79,"column":45},"end":{"line":79,"column":46}},"loc":{"start":{"line":79,"column":62},"end":{"line":79,"column":110}},"line":79},"4":{"name":"(anonymous_4)","decl":{"start":{"line":118,"column":29},"end":{"line":118,"column":30}},"loc":{"start":{"line":118,"column":36},"end":{"line":140,"column":11}},"line":118},"5":{"name":"(anonymous_5)","decl":{"start":{"line":123,"column":25},"end":{"line":123,"column":26}},"loc":{"start":{"line":123,"column":31},"end":{"line":123,"column":56}},"line":123},"6":{"name":"(anonymous_6)","decl":{"start":{"line":146,"column":17},"end":{"line":146,"column":18}},"loc":{"start":{"line":146,"column":34},"end":{"line":150,"column":11}},"line":146}},"branchMap":{"0":{"loc":{"start":{"line":61,"column":4},"end":{"line":63,"column":5}},"type":"if","locations":[{"start":{"line":61,"column":4},"end":{"line":63,"column":5}},{"start":{},"end":{}}],"line":61},"1":{"loc":{"start":{"line":61,"column":8},"end":{"line":61,"column":40}},"type":"binary-expr","locations":[{"start":{"line":61,"column":8},"end":{"line":61,"column":12}},{"start":{"line":61,"column":16},"end":{"line":61,"column":29}},{"start":{"line":61,"column":33},"end":{"line":61,"column":40}}],"line":61},"2":{"loc":{"start":{"line":62,"column":34},"end":{"line":62,"column":60}},"type":"binary-expr","locations":[{"start":{"line":62,"column":34},"end":{"line":62,"column":41}},{"start":{"line":62,"column":45},"end":{"line":62,"column":60}}],"line":62},"3":{"loc":{"start":{"line":66,"column":28},"end":{"line":66,"column":49}},"type":"binary-expr","locations":[{"start":{"line":66,"column":28},"end":{"line":66,"column":32}},{"start":{"line":66,"column":36},"end":{"line":66,"column":49}}],"line":66},"4":{"loc":{"start":{"line":71,"column":16},"end":{"line":71,"column":61}},"type":"cond-expr","locations":[{"start":{"line":71,"column":40},"end":{"line":71,"column":49}},{"start":{"line":71,"column":52},"end":{"line":71,"column":61}}],"line":71},"5":{"loc":{"start":{"line":79,"column":81},"end":{"line":79,"column":109}},"type":"binary-expr","locations":[{"start":{"line":79,"column":81},"end":{"line":79,"column":88}},{"start":{"line":79,"column":92},"end":{"line":79,"column":109}}],"line":79},"6":{"loc":{"start":{"line":124,"column":43},"end":{"line":124,"column":70}},"type":"binary-expr","locations":[{"start":{"line":124,"column":43},"end":{"line":124,"column":46}},{"start":{"line":124,"column":50},"end":{"line":124,"column":70}}],"line":124},"7":{"loc":{"start":{"line":127,"column":52},"end":{"line":127,"column":80}},"type":"binary-expr","locations":[{"start":{"line":127,"column":52},"end":{"line":127,"column":55}},{"start":{"line":127,"column":59},"end":{"line":127,"column":80}}],"line":127},"8":{"loc":{"start":{"line":128,"column":34},"end":{"line":128,"column":67}},"type":"cond-expr","locations":[{"start":{"line":128,"column":40},"end":{"line":128,"column":51}},{"start":{"line":128,"column":54},"end":{"line":128,"column":67}}],"line":128},"9":{"loc":{"start":{"line":131,"column":54},"end":{"line":131,"column":83}},"type":"binary-expr","locations":[{"start":{"line":131,"column":54},"end":{"line":131,"column":57}},{"start":{"line":131,"column":61},"end":{"line":131,"column":83}}],"line":131},"10":{"loc":{"start":{"line":148,"column":12},"end":{"line":148,"column":44}},"type":"binary-expr","locations":[{"start":{"line":148,"column":12},"end":{"line":148,"column":22}},{"start":{"line":148,"column":26},"end":{"line":148,"column":44}}],"line":148},"11":{"loc":{"start":{"line":149,"column":12},"end":{"line":149,"column":53}},"type":"binary-expr","locations":[{"start":{"line":149,"column":12},"end":{"line":149,"column":19}},{"start":{"line":149,"column":23},"end":{"line":149,"column":32}},{"start":{"line":149,"column":36},"end":{"line":149,"column":53}}],"line":149}},"s":{"0":0,"1":0,"2":0,"3":0,"4":0,"5":0,"6":0,"7":0,"8":0,"9":0,"10":0,"11":0,"12":0,"13":0,"14":0,"15":0,"16":0,"17":0,"18":0},"f":{"0":0,"1":0,"2":0,"3":0,"4":0,"5":0,"6":0},"b":{"0":[0,0],"1":[0,0,0],"2":[0,0],"3":[0,0],"4":[0,0],"5":[0,0],"6":[0,0],"7":[0,0],"8":[0,0],"9":[0,0],"10":[0,0],"11":[0,0,0]}}
,"C:\\Users\\Albert\\Desktop\\DAW\\2do\\Projecte\\App_Transporte\\src\\components\\ClientHome.tsx": {"path":"C:\\Users\\Albert\\Desktop\\DAW\\2do\\Projecte\\App_Transporte\\src\\components\\ClientHome.tsx","statementMap":{"0":{"start":{"line":42,"column":26},"end":{"line":42,"column":50}},"1":{"start":{"line":52,"column":18},"end":{"line":52,"column":91}},"2":{"start":{"line":55,"column":30},"end":{"line":55,"column":42}},"3":{"start":{"line":56,"column":40},"end":{"line":56,"column":72}},"4":{"start":{"line":57,"column":40},"end":{"line":57,"column":52}},"5":{"start":{"line":58,"column":40},"end":{"line":58,"column":66}},"6":{"start":{"line":59,"column":34},"end":{"line":59,"column":100}},"7":{"start":{"line":60,"column":42},"end":{"line":60,"column":53}},"8":{"start":{"line":61,"column":42},"end":{"line":61,"column":65}},"9":{"start":{"line":62,"column":54},"end":{"line":62,"column":68}},"10":{"start":{"line":63,"column":44},"end":{"line":63,"column":59}},"11":{"start":{"line":64,"column":36},"end":{"line":64,"column":51}},"12":{"start":{"line":65,"column":54},"end":{"line":65,"column":69}},"13":{"start":{"line":66,"column":52},"end":{"line":66,"column":67}},"14":{"start":{"line":67,"column":60},"end":{"line":67,"column":75}},"15":{"start":{"line":68,"column":48},"end":{"line":68,"column":63}},"16":{"start":{"line":70,"column":2},"end":{"line":78,"column":4}},"17":{"start":{"line":80,"column":24},"end":{"line":80,"column":78}},"18":{"start":{"line":80,"column":56},"end":{"line":80,"column":73}},"19":{"start":{"line":81,"column":24},"end":{"line":83,"column":8}},"20":{"start":{"line":82,"column":4},"end":{"line":82,"column":82}},"21":{"start":{"line":82,"column":26},"end":{"line":82,"column":80}},"22":{"start":{"line":82,"column":43},"end":{"line":82,"column":78}},"23":{"start":{"line":84,"column":22},"end":{"line":84,"column":64}},"24":{"start":{"line":84,"column":40},"end":{"line":84,"column":59}},"25":{"start":{"line":86,"column":51},"end":{"line":86,"column":107}},"26":{"start":{"line":88,"column":31},"end":{"line":88,"column":53}},"27":{"start":{"line":90,"column":22},"end":{"line":99,"column":3}},"28":{"start":{"line":92,"column":6},"end":{"line":97,"column":8}},"29":{"start":{"line":101,"column":22},"end":{"line":111,"column":3}},"30":{"start":{"line":102,"column":14},"end":{"line":102,"column":24}},"31":{"start":{"line":103,"column":4},"end":{"line":103,"column":36}},"32":{"start":{"line":104,"column":4},"end":{"line":110,"column":21}},"33":{"start":{"line":113,"column":20},"end":{"line":113,"column":125}},"34":{"start":{"line":115,"column":15},"end":{"line":115,"column":60}},"35":{"start":{"line":117,"column":22},"end":{"line":145,"column":3}},"36":{"start":{"line":126,"column":4},"end":{"line":144,"column":11}},"37":{"start":{"line":129,"column":10},"end":{"line":138,"column":22}},"38":{"start":{"line":132,"column":14},"end":{"line":132,"column":26}},"39":{"start":{"line":133,"column":14},"end":{"line":133,"column":34}},"40":{"start":{"line":147,"column":2},"end":{"line":534,"column":4}},"41":{"start":{"line":177,"column":36},"end":{"line":177,"column":67}},"42":{"start":{"line":194,"column":36},"end":{"line":194,"column":49}},"43":{"start":{"line":194,"column":65},"end":{"line":194,"column":77}},"44":{"start":{"line":205,"column":18},"end":{"line":205,"column":39}},"45":{"start":{"line":206,"column":18},"end":{"line":206,"column":46}},"46":{"start":{"line":236,"column":16},"end":{"line":236,"column":42}},"47":{"start":{"line":237,"column":16},"end":{"line":237,"column":36}},"48":{"start":{"line":246,"column":16},"end":{"line":246,"column":45}},"49":{"start":{"line":247,"column":16},"end":{"line":247,"column":36}},"50":{"start":{"line":284,"column":90},"end":{"line":284,"column":113}},"51":{"start":{"line":291,"column":32},"end":{"line":291,"column":62}},"52":{"start":{"line":292,"column":18},"end":{"line":303,"column":20}},"53":{"start":{"line":295,"column":37},"end":{"line":295,"column":60}},"54":{"start":{"line":308,"column":18},"end":{"line":314,"column":30}},"55":{"start":{"line":310,"column":35},"end":{"line":310,"column":56}},"56":{"start":{"line":319,"column":16},"end":{"line":347,"column":23}},"57":{"start":{"line":325,"column":46},"end":{"line":325,"column":98}},"58":{"start":{"line":325,"column":81},"end":{"line":325,"column":96}},"59":{"start":{"line":334,"column":24},"end":{"line":334,"column":108}},"60":{"start":{"line":334,"column":57},"end":{"line":334,"column":105}},"61":{"start":{"line":344,"column":37},"end":{"line":344,"column":112}},"62":{"start":{"line":344,"column":70},"end":{"line":344,"column":109}},"63":{"start":{"line":345,"column":34},"end":{"line":345,"column":54}},"64":{"start":{"line":351,"column":18},"end":{"line":351,"column":106}},"65":{"start":{"line":362,"column":14},"end":{"line":362,"column":57}},"66":{"start":{"line":363,"column":14},"end":{"line":363,"column":34}},"67":{"start":{"line":386,"column":16},"end":{"line":386,"column":39}},"68":{"start":{"line":387,"column":16},"end":{"line":390,"column":19}},"69":{"start":{"line":388,"column":18},"end":{"line":388,"column":42}},"70":{"start":{"line":389,"column":18},"end":{"line":389,"column":37}},"71":{"start":{"line":433,"column":31},"end":{"line":433,"column":109}},"72":{"start":{"line":514,"column":18},"end":{"line":514,"column":39}},"73":{"start":{"line":515,"column":18},"end":{"line":515,"column":46}},"74":{"start":{"line":537,"column":15},"end":{"line":1001,"column":2}}},"fnMap":{"0":{"name":"ClientHome","decl":{"start":{"line":54,"column":24},"end":{"line":54,"column":34}},"loc":{"start":{"line":54,"column":97},"end":{"line":535,"column":1}},"line":54},"1":{"name":"(anonymous_1)","decl":{"start":{"line":80,"column":36},"end":{"line":80,"column":37}},"loc":{"start":{"line":80,"column":56},"end":{"line":80,"column":73}},"line":80},"2":{"name":"(anonymous_2)","decl":{"start":{"line":81,"column":36},"end":{"line":81,"column":37}},"loc":{"start":{"line":81,"column":68},"end":{"line":83,"column":3}},"line":81},"3":{"name":"(anonymous_3)","decl":{"start":{"line":82,"column":16},"end":{"line":82,"column":17}},"loc":{"start":{"line":82,"column":26},"end":{"line":82,"column":80}},"line":82},"4":{"name":"(anonymous_4)","decl":{"start":{"line":82,"column":35},"end":{"line":82,"column":36}},"loc":{"start":{"line":82,"column":43},"end":{"line":82,"column":78}},"line":82},"5":{"name":"(anonymous_5)","decl":{"start":{"line":84,"column":34},"end":{"line":84,"column":35}},"loc":{"start":{"line":84,"column":40},"end":{"line":84,"column":59}},"line":84},"6":{"name":"(anonymous_6)","decl":{"start":{"line":91,"column":4},"end":{"line":91,"column":5}},"loc":{"start":{"line":92,"column":6},"end":{"line":97,"column":8}},"line":92},"7":{"name":"(anonymous_7)","decl":{"start":{"line":101,"column":22},"end":{"line":101,"column":23}},"loc":{"start":{"line":101,"column":42},"end":{"line":111,"column":3}},"line":101},"8":{"name":"(anonymous_8)","decl":{"start":{"line":117,"column":22},"end":{"line":117,"column":23}},"loc":{"start":{"line":126,"column":4},"end":{"line":144,"column":11}},"line":126},"9":{"name":"(anonymous_9)","decl":{"start":{"line":128,"column":54},"end":{"line":128,"column":55}},"loc":{"start":{"line":129,"column":10},"end":{"line":138,"column":22}},"line":129},"10":{"name":"(anonymous_10)","decl":{"start":{"line":131,"column":21},"end":{"line":131,"column":22}},"loc":{"start":{"line":131,"column":27},"end":{"line":134,"column":13}},"line":131},"11":{"name":"(anonymous_11)","decl":{"start":{"line":177,"column":30},"end":{"line":177,"column":31}},"loc":{"start":{"line":177,"column":36},"end":{"line":177,"column":67}},"line":177},"12":{"name":"(anonymous_12)","decl":{"start":{"line":194,"column":29},"end":{"line":194,"column":30}},"loc":{"start":{"line":194,"column":36},"end":{"line":194,"column":49}},"line":194},"13":{"name":"(anonymous_13)","decl":{"start":{"line":194,"column":58},"end":{"line":194,"column":59}},"loc":{"start":{"line":194,"column":65},"end":{"line":194,"column":77}},"line":194},"14":{"name":"(anonymous_14)","decl":{"start":{"line":204,"column":16},"end":{"line":204,"column":17}},"loc":{"start":{"line":204,"column":22},"end":{"line":207,"column":17}},"line":204},"15":{"name":"(anonymous_15)","decl":{"start":{"line":235,"column":23},"end":{"line":235,"column":24}},"loc":{"start":{"line":235,"column":29},"end":{"line":238,"column":15}},"line":235},"16":{"name":"(anonymous_16)","decl":{"start":{"line":245,"column":23},"end":{"line":245,"column":24}},"loc":{"start":{"line":245,"column":29},"end":{"line":248,"column":15}},"line":245},"17":{"name":"(anonymous_17)","decl":{"start":{"line":284,"column":84},"end":{"line":284,"column":85}},"loc":{"start":{"line":284,"column":90},"end":{"line":284,"column":113}},"line":284},"18":{"name":"(anonymous_18)","decl":{"start":{"line":290,"column":43},"end":{"line":290,"column":44}},"loc":{"start":{"line":290,"column":55},"end":{"line":304,"column":17}},"line":290},"19":{"name":"(anonymous_19)","decl":{"start":{"line":295,"column":31},"end":{"line":295,"column":32}},"loc":{"start":{"line":295,"column":37},"end":{"line":295,"column":60}},"line":295},"20":{"name":"(anonymous_20)","decl":{"start":{"line":307,"column":31},"end":{"line":307,"column":32}},"loc":{"start":{"line":308,"column":18},"end":{"line":314,"column":30}},"line":308},"21":{"name":"(anonymous_21)","decl":{"start":{"line":310,"column":29},"end":{"line":310,"column":30}},"loc":{"start":{"line":310,"column":35},"end":{"line":310,"column":56}},"line":310},"22":{"name":"(anonymous_22)","decl":{"start":{"line":318,"column":28},"end":{"line":318,"column":29}},"loc":{"start":{"line":319,"column":16},"end":{"line":347,"column":23}},"line":319},"23":{"name":"(anonymous_23)","decl":{"start":{"line":325,"column":40},"end":{"line":325,"column":41}},"loc":{"start":{"line":325,"column":46},"end":{"line":325,"column":98}},"line":325},"24":{"name":"(anonymous_24)","decl":{"start":{"line":325,"column":74},"end":{"line":325,"column":75}},"loc":{"start":{"line":325,"column":81},"end":{"line":325,"column":96}},"line":325},"25":{"name":"(anonymous_25)","decl":{"start":{"line":333,"column":36},"end":{"line":333,"column":37}},"loc":{"start":{"line":334,"column":24},"end":{"line":334,"column":108}},"line":334},"26":{"name":"(anonymous_26)","decl":{"start":{"line":334,"column":49},"end":{"line":334,"column":50}},"loc":{"start":{"line":334,"column":57},"end":{"line":334,"column":105}},"line":334},"27":{"name":"(anonymous_27)","decl":{"start":{"line":344,"column":30},"end":{"line":344,"column":31}},"loc":{"start":{"line":344,"column":37},"end":{"line":344,"column":112}},"line":344},"28":{"name":"(anonymous_28)","decl":{"start":{"line":344,"column":62},"end":{"line":344,"column":63}},"loc":{"start":{"line":344,"column":70},"end":{"line":344,"column":109}},"line":344},"29":{"name":"(anonymous_29)","decl":{"start":{"line":345,"column":28},"end":{"line":345,"column":29}},"loc":{"start":{"line":345,"column":34},"end":{"line":345,"column":54}},"line":345},"30":{"name":"(anonymous_30)","decl":{"start":{"line":350,"column":25},"end":{"line":350,"column":26}},"loc":{"start":{"line":351,"column":18},"end":{"line":351,"column":106}},"line":351},"31":{"name":"(anonymous_31)","decl":{"start":{"line":361,"column":21},"end":{"line":361,"column":22}},"loc":{"start":{"line":361,"column":27},"end":{"line":364,"column":13}},"line":361},"32":{"name":"(anonymous_32)","decl":{"start":{"line":385,"column":23},"end":{"line":385,"column":24}},"loc":{"start":{"line":385,"column":29},"end":{"line":391,"column":15}},"line":385},"33":{"name":"(anonymous_33)","decl":{"start":{"line":387,"column":37},"end":{"line":387,"column":38}},"loc":{"start":{"line":387,"column":43},"end":{"line":390,"column":17}},"line":387},"34":{"name":"(anonymous_34)","decl":{"start":{"line":433,"column":25},"end":{"line":433,"column":26}},"loc":{"start":{"line":433,"column":31},"end":{"line":433,"column":109}},"line":433},"35":{"name":"(anonymous_35)","decl":{"start":{"line":513,"column":25},"end":{"line":513,"column":26}},"loc":{"start":{"line":513,"column":31},"end":{"line":516,"column":17}},"line":513}},"branchMap":{"0":{"loc":{"start":{"line":82,"column":43},"end":{"line":82,"column":78}},"type":"cond-expr","locations":[{"start":{"line":82,"column":57},"end":{"line":82,"column":74}},{"start":{"line":82,"column":77},"end":{"line":82,"column":78}}],"line":82},"1":{"loc":{"start":{"line":105,"column":26},"end":{"line":105,"column":59}},"type":"cond-expr","locations":[{"start":{"line":105,"column":42},"end":{"line":105,"column":49}},{"start":{"line":105,"column":52},"end":{"line":105,"column":59}}],"line":105},"2":{"loc":{"start":{"line":115,"column":15},"end":{"line":115,"column":60}},"type":"cond-expr","locations":[{"start":{"line":115,"column":33},"end":{"line":115,"column":45}},{"start":{"line":115,"column":48},"end":{"line":115,"column":60}}],"line":115},"3":{"loc":{"start":{"line":135,"column":37},"end":{"line":135,"column":72}},"type":"binary-expr","locations":[{"start":{"line":135,"column":37},"end":{"line":135,"column":51}},{"start":{"line":135,"column":55},"end":{"line":135,"column":72}}],"line":135},"4":{"loc":{"start":{"line":137,"column":46},"end":{"line":137,"column":81}},"type":"binary-expr","locations":[{"start":{"line":137,"column":46},"end":{"line":137,"column":60}},{"start":{"line":137,"column":64},"end":{"line":137,"column":81}}],"line":137},"5":{"loc":{"start":{"line":168,"column":7},"end":{"line":181,"column":14}},"type":"cond-expr","locations":[{"start":{"line":169,"column":8},"end":{"line":180,"column":15}},{"start":{"line":181,"column":10},"end":{"line":181,"column":14}}],"line":168},"6":{"loc":{"start":{"line":190,"column":12},"end":{"line":194,"column":78}},"type":"cond-expr","locations":[{"start":{"line":191,"column":16},"end":{"line":193,"column":20}},{"start":{"line":194,"column":16},"end":{"line":194,"column":78}}],"line":190},"7":{"loc":{"start":{"line":191,"column":16},"end":{"line":193,"column":20}},"type":"cond-expr","locations":[{"start":{"line":192,"column":18},"end":{"line":192,"column":31}},{"start":{"line":193,"column":18},"end":{"line":193,"column":20}}],"line":191},"8":{"loc":{"start":{"line":200,"column":30},"end":{"line":200,"column":97}},"type":"cond-expr","locations":[{"start":{"line":200,"column":48},"end":{"line":200,"column":66}},{"start":{"line":200,"column":69},"end":{"line":200,"column":97}}],"line":200},"9":{"loc":{"start":{"line":202,"column":12},"end":{"line":207,"column":17}},"type":"cond-expr","locations":[{"start":{"line":203,"column":16},"end":{"line":203,"column":22}},{"start":{"line":204,"column":16},"end":{"line":207,"column":17}}],"line":202},"10":{"loc":{"start":{"line":220,"column":9},"end":{"line":227,"column":16}},"type":"cond-expr","locations":[{"start":{"line":221,"column":10},"end":{"line":226,"column":17}},{"start":{"line":227,"column":12},"end":{"line":227,"column":16}}],"line":220},"11":{"loc":{"start":{"line":230,"column":7},"end":{"line":532,"column":7}},"type":"cond-expr","locations":[{"start":{"line":231,"column":8},"end":{"line":440,"column":21}},{"start":{"line":442,"column":8},"end":{"line":531,"column":21}}],"line":230},"12":{"loc":{"start":{"line":239,"column":38},"end":{"line":239,"column":83}},"type":"binary-expr","locations":[{"start":{"line":239,"column":38},"end":{"line":239,"column":63}},{"start":{"line":239,"column":67},"end":{"line":239,"column":83}}],"line":239},"13":{"loc":{"start":{"line":241,"column":26},"end":{"line":241,"column":76}},"type":"cond-expr","locations":[{"start":{"line":241,"column":54},"end":{"line":241,"column":60}},{"start":{"line":241,"column":63},"end":{"line":241,"column":76}}],"line":241},"14":{"loc":{"start":{"line":242,"column":47},"end":{"line":242,"column":93}},"type":"binary-expr","locations":[{"start":{"line":242,"column":47},"end":{"line":242,"column":72}},{"start":{"line":242,"column":76},"end":{"line":242,"column":93}}],"line":242},"15":{"loc":{"start":{"line":249,"column":38},"end":{"line":249,"column":86}},"type":"binary-expr","locations":[{"start":{"line":249,"column":38},"end":{"line":249,"column":66}},{"start":{"line":249,"column":70},"end":{"line":249,"column":86}}],"line":249},"16":{"loc":{"start":{"line":251,"column":30},"end":{"line":251,"column":83}},"type":"cond-expr","locations":[{"start":{"line":251,"column":61},"end":{"line":251,"column":67}},{"start":{"line":251,"column":70},"end":{"line":251,"column":83}}],"line":251},"17":{"loc":{"start":{"line":252,"column":47},"end":{"line":252,"column":96}},"type":"binary-expr","locations":[{"start":{"line":252,"column":47},"end":{"line":252,"column":75}},{"start":{"line":252,"column":79},"end":{"line":252,"column":96}}],"line":252},"18":{"loc":{"start":{"line":269,"column":11},"end":{"line":358,"column":11}},"type":"cond-expr","locations":[{"start":{"line":270,"column":12},"end":{"line":285,"column":19}},{"start":{"line":287,"column":12},"end":{"line":357,"column":19}}],"line":269},"19":{"loc":{"start":{"line":296,"column":46},"end":{"line":296,"column":89}},"type":"binary-expr","locations":[{"start":{"line":296,"column":46},"end":{"line":296,"column":69}},{"start":{"line":296,"column":73},"end":{"line":296,"column":89}}],"line":296},"20":{"loc":{"start":{"line":298,"column":54},"end":{"line":298,"column":98}},"type":"binary-expr","locations":[{"start":{"line":298,"column":54},"end":{"line":298,"column":77}},{"start":{"line":298,"column":81},"end":{"line":298,"column":98}}],"line":298},"21":{"loc":{"start":{"line":299,"column":54},"end":{"line":299,"column":98}},"type":"binary-expr","locations":[{"start":{"line":299,"column":54},"end":{"line":299,"column":77}},{"start":{"line":299,"column":81},"end":{"line":299,"column":98}}],"line":299},"22":{"loc":{"start":{"line":311,"column":44},"end":{"line":311,"column":85}},"type":"binary-expr","locations":[{"start":{"line":311,"column":44},"end":{"line":311,"column":65}},{"start":{"line":311,"column":69},"end":{"line":311,"column":85}}],"line":311},"23":{"loc":{"start":{"line":313,"column":50},"end":{"line":313,"column":104}},"type":"binary-expr","locations":[{"start":{"line":313,"column":50},"end":{"line":313,"column":71}},{"start":{"line":313,"column":75},"end":{"line":313,"column":104}}],"line":313},"24":{"loc":{"start":{"line":334,"column":57},"end":{"line":334,"column":105}},"type":"cond-expr","locations":[{"start":{"line":334,"column":75},"end":{"line":334,"column":101}},{"start":{"line":334,"column":104},"end":{"line":334,"column":105}}],"line":334},"25":{"loc":{"start":{"line":344,"column":70},"end":{"line":344,"column":109}},"type":"cond-expr","locations":[{"start":{"line":344,"column":88},"end":{"line":344,"column":105}},{"start":{"line":344,"column":108},"end":{"line":344,"column":109}}],"line":344},"26":{"loc":{"start":{"line":365,"column":36},"end":{"line":365,"column":74}},"type":"binary-expr","locations":[{"start":{"line":365,"column":36},"end":{"line":365,"column":54}},{"start":{"line":365,"column":58},"end":{"line":365,"column":74}}],"line":365},"27":{"loc":{"start":{"line":368,"column":45},"end":{"line":368,"column":106}},"type":"binary-expr","locations":[{"start":{"line":368,"column":45},"end":{"line":368,"column":63}},{"start":{"line":368,"column":67},"end":{"line":368,"column":106}}],"line":368},"28":{"loc":{"start":{"line":369,"column":30},"end":{"line":369,"column":73}},"type":"cond-expr","locations":[{"start":{"line":369,"column":51},"end":{"line":369,"column":57}},{"start":{"line":369,"column":60},"end":{"line":369,"column":73}}],"line":369},"29":{"loc":{"start":{"line":372,"column":48},"end":{"line":372,"column":99}},"type":"binary-expr","locations":[{"start":{"line":372,"column":48},"end":{"line":372,"column":66}},{"start":{"line":372,"column":70},"end":{"line":372,"column":99}}],"line":372},"30":{"loc":{"start":{"line":378,"column":45},"end":{"line":378,"column":86}},"type":"binary-expr","locations":[{"start":{"line":378,"column":45},"end":{"line":378,"column":63}},{"start":{"line":378,"column":67},"end":{"line":378,"column":86}}],"line":378},"31":{"loc":{"start":{"line":379,"column":15},"end":{"line":379,"column":75}},"type":"cond-expr","locations":[{"start":{"line":379,"column":36},"end":{"line":379,"column":68}},{"start":{"line":379,"column":71},"end":{"line":379,"column":75}}],"line":379},"32":{"loc":{"start":{"line":383,"column":11},"end":{"line":439,"column":11}},"type":"cond-expr","locations":[{"start":{"line":384,"column":12},"end":{"line":402,"column":24}},{"start":{"line":404,"column":12},"end":{"line":438,"column":19}}],"line":383},"33":{"loc":{"start":{"line":392,"column":24},"end":{"line":392,"column":48}},"type":"binary-expr","locations":[{"start":{"line":392,"column":24},"end":{"line":392,"column":37}},{"start":{"line":392,"column":41},"end":{"line":392,"column":48}}],"line":392},"34":{"loc":{"start":{"line":395,"column":34},"end":{"line":395,"column":81}},"type":"binary-expr","locations":[{"start":{"line":395,"column":35},"end":{"line":395,"column":42}},{"start":{"line":395,"column":46},"end":{"line":395,"column":59}},{"start":{"line":395,"column":64},"end":{"line":395,"column":81}}],"line":395},"35":{"loc":{"start":{"line":397,"column":15},"end":{"line":401,"column":15}},"type":"cond-expr","locations":[{"start":{"line":398,"column":16},"end":{"line":398,"column":50}},{"start":{"line":400,"column":16},"end":{"line":400,"column":65}}],"line":397},"36":{"loc":{"start":{"line":411,"column":21},"end":{"line":411,"column":78}},"type":"cond-expr","locations":[{"start":{"line":411,"column":42},"end":{"line":411,"column":58}},{"start":{"line":411,"column":61},"end":{"line":411,"column":78}}],"line":411},"37":{"loc":{"start":{"line":414,"column":17},"end":{"line":419,"column":24}},"type":"cond-expr","locations":[{"start":{"line":415,"column":18},"end":{"line":418,"column":25}},{"start":{"line":419,"column":20},"end":{"line":419,"column":24}}],"line":414},"38":{"loc":{"start":{"line":433,"column":44},"end":{"line":433,"column":108}},"type":"cond-expr","locations":[{"start":{"line":433,"column":72},"end":{"line":433,"column":82}},{"start":{"line":433,"column":85},"end":{"line":433,"column":108}}],"line":433},"39":{"loc":{"start":{"line":444,"column":11},"end":{"line":530,"column":11}},"type":"cond-expr","locations":[{"start":{"line":445,"column":12},"end":{"line":521,"column":19}},{"start":{"line":523,"column":12},"end":{"line":529,"column":19}}],"line":444},"40":{"loc":{"start":{"line":498,"column":19},"end":{"line":503,"column":26}},"type":"cond-expr","locations":[{"start":{"line":499,"column":20},"end":{"line":502,"column":27}},{"start":{"line":503,"column":22},"end":{"line":503,"column":26}}],"line":498}},"s":{"0":0,"1":0,"2":0,"3":0,"4":0,"5":0,"6":0,"7":0,"8":0,"9":0,"10":0,"11":0,"12":0,"13":0,"14":0,"15":0,"16":0,"17":0,"18":0,"19":0,"20":0,"21":0,"22":0,"23":0,"24":0,"25":0,"26":0,"27":0,"28":0,"29":0,"30":0,"31":0,"32":0,"33":0,"34":0,"35":0,"36":0,"37":0,"38":0,"39":0,"40":0,"41":0,"42":0,"43":0,"44":0,"45":0,"46":0,"47":0,"48":0,"49":0,"50":0,"51":0,"52":0,"53":0,"54":0,"55":0,"56":0,"57":0,"58":0,"59":0,"60":0,"61":0,"62":0,"63":0,"64":0,"65":0,"66":0,"67":0,"68":0,"69":0,"70":0,"71":0,"72":0,"73":0,"74":0},"f":{"0":0,"1":0,"2":0,"3":0,"4":0,"5":0,"6":0,"7":0,"8":0,"9":0,"10":0,"11":0,"12":0,"13":0,"14":0,"15":0,"16":0,"17":0,"18":0,"19":0,"20":0,"21":0,"22":0,"23":0,"24":0,"25":0,"26":0,"27":0,"28":0,"29":0,"30":0,"31":0,"32":0,"33":0,"34":0,"35":0},"b":{"0":[0,0],"1":[0,0],"2":[0,0],"3":[0,0],"4":[0,0],"5":[0,0],"6":[0,0],"7":[0,0],"8":[0,0],"9":[0,0],"10":[0,0],"11":[0,0],"12":[0,0],"13":[0,0],"14":[0,0],"15":[0,0],"16":[0,0],"17":[0,0],"18":[0,0],"19":[0,0],"20":[0,0],"21":[0,0],"22":[0,0],"23":[0,0],"24":[0,0],"25":[0,0],"26":[0,0],"27":[0,0],"28":[0,0],"29":[0,0],"30":[0,0],"31":[0,0],"32":[0,0],"33":[0,0],"34":[0,0,0],"35":[0,0],"36":[0,0],"37":[0,0],"38":[0,0],"39":[0,0],"40":[0,0]}}
,"C:\\Users\\Albert\\Desktop\\DAW\\2do\\Projecte\\App_Transporte\\src\\components\\LanguageOnboarding.tsx": {"path":"C:\\Users\\Albert\\Desktop\\DAW\\2do\\Projecte\\App_Transporte\\src\\components\\LanguageOnboarding.tsx","statementMap":{"0":{"start":{"line":13,"column":12},"end":{"line":13,"column":18}},"1":{"start":{"line":15,"column":129},"end":{"line":19,"column":3}},"2":{"start":{"line":21,"column":2},"end":{"line":50,"column":4}},"3":{"start":{"line":33,"column":24},"end":{"line":33,"column":40}},"4":{"start":{"line":34,"column":10},"end":{"line":44,"column":12}},"5":{"start":{"line":37,"column":29},"end":{"line":37,"column":46}},"6":{"start":{"line":40,"column":38},"end":{"line":40,"column":88}},"7":{"start":{"line":53,"column":15},"end":{"line":115,"column":2}}},"fnMap":{"0":{"name":"LanguageOnboarding","decl":{"start":{"line":12,"column":24},"end":{"line":12,"column":42}},"loc":{"start":{"line":12,"column":64},"end":{"line":51,"column":1}},"line":12},"1":{"name":"(anonymous_1)","decl":{"start":{"line":32,"column":19},"end":{"line":32,"column":20}},"loc":{"start":{"line":32,"column":29},"end":{"line":45,"column":9}},"line":32},"2":{"name":"(anonymous_2)","decl":{"start":{"line":37,"column":23},"end":{"line":37,"column":24}},"loc":{"start":{"line":37,"column":29},"end":{"line":37,"column":46}},"line":37},"3":{"name":"(anonymous_3)","decl":{"start":{"line":40,"column":21},"end":{"line":40,"column":22}},"loc":{"start":{"line":40,"column":38},"end":{"line":40,"column":88}},"line":40}},"branchMap":{"0":{"loc":{"start":{"line":40,"column":55},"end":{"line":40,"column":87}},"type":"binary-expr","locations":[{"start":{"line":40,"column":55},"end":{"line":40,"column":62}},{"start":{"line":40,"column":66},"end":{"line":40,"column":87}}],"line":40}},"s":{"0":0,"1":0,"2":0,"3":0,"4":0,"5":0,"6":0,"7":0},"f":{"0":0,"1":0,"2":0,"3":0},"b":{"0":[0,0]}}
,"C:\\Users\\Albert\\Desktop\\DAW\\2do\\Projecte\\App_Transporte\\src\\components\\LegalHelp.tsx": {"path":"C:\\Users\\Albert\\Desktop\\DAW\\2do\\Projecte\\App_Transporte\\src\\components\\LegalHelp.tsx","statementMap":{"0":{"start":{"line":15,"column":2},"end":{"line":24,"column":3}},"1":{"start":{"line":16,"column":22},"end":{"line":16,"column":51}},"2":{"start":{"line":17,"column":4},"end":{"line":21,"column":5}},"3":{"start":{"line":18,"column":6},"end":{"line":18,"column":33}},"4":{"start":{"line":20,"column":6},"end":{"line":20,"column":30}},"5":{"start":{"line":23,"column":4},"end":{"line":23,"column":28}},"6":{"start":{"line":28,"column":13},"end":{"line":28,"column":19}},"7":{"start":{"line":29,"column":12},"end":{"line":37,"column":3}},"8":{"start":{"line":38,"column":15},"end":{"line":38,"column":32}},"9":{"start":{"line":39,"column":17},"end":{"line":39,"column":104}},"10":{"start":{"line":41,"column":20},"end":{"line":41,"column":102}},"11":{"start":{"line":41,"column":38},"end":{"line":41,"column":86}},"12":{"start":{"line":42,"column":17},"end":{"line":42,"column":99}},"13":{"start":{"line":42,"column":35},"end":{"line":42,"column":83}},"14":{"start":{"line":43,"column":17},"end":{"line":43,"column":87}},"15":{"start":{"line":43,"column":35},"end":{"line":43,"column":63}},"16":{"start":{"line":45,"column":2},"end":{"line":117,"column":4}},"17":{"start":{"line":51,"column":32},"end":{"line":51,"column":78}},"18":{"start":{"line":66,"column":36},"end":{"line":66,"column":78}},"19":{"start":{"line":83,"column":36},"end":{"line":83,"column":78}},"20":{"start":{"line":100,"column":36},"end":{"line":100,"column":78}},"21":{"start":{"line":120,"column":15},"end":{"line":172,"column":2}}},"fnMap":{"0":{"name":"openUrl","decl":{"start":{"line":14,"column":15},"end":{"line":14,"column":22}},"loc":{"start":{"line":14,"column":67},"end":{"line":25,"column":1}},"line":14},"1":{"name":"LegalHelp","decl":{"start":{"line":27,"column":24},"end":{"line":27,"column":33}},"loc":{"start":{"line":27,"column":53},"end":{"line":118,"column":1}},"line":27},"2":{"name":"(anonymous_2)","decl":{"start":{"line":41,"column":32},"end":{"line":41,"column":33}},"loc":{"start":{"line":41,"column":38},"end":{"line":41,"column":86}},"line":41},"3":{"name":"(anonymous_3)","decl":{"start":{"line":42,"column":29},"end":{"line":42,"column":30}},"loc":{"start":{"line":42,"column":35},"end":{"line":42,"column":83}},"line":42},"4":{"name":"(anonymous_4)","decl":{"start":{"line":43,"column":29},"end":{"line":43,"column":30}},"loc":{"start":{"line":43,"column":35},"end":{"line":43,"column":63}},"line":43},"5":{"name":"(anonymous_5)","decl":{"start":{"line":51,"column":15},"end":{"line":51,"column":16}},"loc":{"start":{"line":51,"column":32},"end":{"line":51,"column":78}},"line":51},"6":{"name":"(anonymous_6)","decl":{"start":{"line":66,"column":19},"end":{"line":66,"column":20}},"loc":{"start":{"line":66,"column":36},"end":{"line":66,"column":78}},"line":66},"7":{"name":"(anonymous_7)","decl":{"start":{"line":83,"column":19},"end":{"line":83,"column":20}},"loc":{"start":{"line":83,"column":36},"end":{"line":83,"column":78}},"line":83},"8":{"name":"(anonymous_8)","decl":{"start":{"line":100,"column":19},"end":{"line":100,"column":20}},"loc":{"start":{"line":100,"column":36},"end":{"line":100,"column":78}},"line":100}},"branchMap":{"0":{"loc":{"start":{"line":17,"column":4},"end":{"line":21,"column":5}},"type":"if","locations":[{"start":{"line":17,"column":4},"end":{"line":21,"column":5}},{"start":{"line":19,"column":11},"end":{"line":21,"column":5}}],"line":17},"1":{"loc":{"start":{"line":51,"column":49},"end":{"line":51,"column":77}},"type":"binary-expr","locations":[{"start":{"line":51,"column":49},"end":{"line":51,"column":56}},{"start":{"line":51,"column":60},"end":{"line":51,"column":77}}],"line":51},"2":{"loc":{"start":{"line":66,"column":49},"end":{"line":66,"column":77}},"type":"binary-expr","locations":[{"start":{"line":66,"column":49},"end":{"line":66,"column":56}},{"start":{"line":66,"column":60},"end":{"line":66,"column":77}}],"line":66},"3":{"loc":{"start":{"line":83,"column":49},"end":{"line":83,"column":77}},"type":"binary-expr","locations":[{"start":{"line":83,"column":49},"end":{"line":83,"column":56}},{"start":{"line":83,"column":60},"end":{"line":83,"column":77}}],"line":83},"4":{"loc":{"start":{"line":100,"column":49},"end":{"line":100,"column":77}},"type":"binary-expr","locations":[{"start":{"line":100,"column":49},"end":{"line":100,"column":56}},{"start":{"line":100,"column":60},"end":{"line":100,"column":77}}],"line":100},"5":{"loc":{"start":{"line":114,"column":9},"end":{"line":114,"column":87}},"type":"cond-expr","locations":[{"start":{"line":114,"column":33},"end":{"line":114,"column":80}},{"start":{"line":114,"column":83},"end":{"line":114,"column":87}}],"line":114}},"s":{"0":0,"1":0,"2":0,"3":0,"4":0,"5":0,"6":3,"7":3,"8":3,"9":3,"10":3,"11":0,"12":3,"13":0,"14":3,"15":0,"16":3,"17":3,"18":3,"19":3,"20":3,"21":1},"f":{"0":0,"1":3,"2":0,"3":0,"4":0,"5":3,"6":3,"7":3,"8":3},"b":{"0":[0,0],"1":[3,0],"2":[3,0],"3":[3,0],"4":[3,0],"5":[0,3]},"_coverageSchema":"1a1c01bbd47fc00a2c39e90264f33305004495a9","hash":"05d2b87658fbd32ea50c810b4447d9eeb7d0c5a3"}
,"C:\\Users\\Albert\\Desktop\\DAW\\2do\\Projecte\\App_Transporte\\src\\components\\MapMockup.tsx": {"path":"C:\\Users\\Albert\\Desktop\\DAW\\2do\\Projecte\\App_Transporte\\src\\components\\MapMockup.tsx","statementMap":{"0":{"start":{"line":23,"column":18},"end":{"line":23,"column":34}},"1":{"start":{"line":24,"column":22},"end":{"line":28,"column":1}},"2":{"start":{"line":29,"column":21},"end":{"line":29,"column":37}},"3":{"start":{"line":30,"column":23},"end":{"line":30,"column":39}},"4":{"start":{"line":39,"column":26},"end":{"line":39,"column":50}},"5":{"start":{"line":40,"column":13},"end":{"line":40,"column":30}},"6":{"start":{"line":41,"column":13},"end":{"line":41,"column":30}},"7":{"start":{"line":42,"column":12},"end":{"line":42,"column":29}},"8":{"start":{"line":44,"column":19},"end":{"line":49,"column":3}},"9":{"start":{"line":45,"column":30},"end":{"line":45,"column":50}},"10":{"start":{"line":46,"column":4},"end":{"line":46,"column":21}},"11":{"start":{"line":47,"column":4},"end":{"line":47,"column":22}},"12":{"start":{"line":48,"column":4},"end":{"line":48,"column":37}},"13":{"start":{"line":51,"column":2},"end":{"line":61,"column":22}},"14":{"start":{"line":52,"column":4},"end":{"line":55,"column":5}},"15":{"start":{"line":53,"column":6},"end":{"line":53,"column":18}},"16":{"start":{"line":54,"column":6},"end":{"line":54,"column":13}},"17":{"start":{"line":56,"column":4},"end":{"line":60,"column":6}},"18":{"start":{"line":63,"column":21},"end":{"line":80,"column":4}},"19":{"start":{"line":64,"column":14},"end":{"line":64,"column":21}},"20":{"start":{"line":65,"column":13},"end":{"line":65,"column":27}},"21":{"start":{"line":66,"column":13},"end":{"line":66,"column":27}},"22":{"start":{"line":67,"column":4},"end":{"line":76,"column":5}},"23":{"start":{"line":68,"column":16},"end":{"line":68,"column":23}},"24":{"start":{"line":69,"column":6},"end":{"line":69,"column":63}},"25":{"start":{"line":70,"column":6},"end":{"line":70,"column":63}},"26":{"start":{"line":72,"column":16},"end":{"line":72,"column":31}},"27":{"start":{"line":73,"column":17},"end":{"line":73,"column":33}},"28":{"start":{"line":74,"column":6},"end":{"line":74,"column":50}},"29":{"start":{"line":75,"column":6},"end":{"line":75,"column":50}},"30":{"start":{"line":77,"column":17},"end":{"line":77,"column":43}},"31":{"start":{"line":78,"column":16},"end":{"line":78,"column":42}},"32":{"start":{"line":79,"column":4},"end":{"line":79,"column":56}},"33":{"start":{"line":83,"column":4},"end":{"line":90,"column":10}},"34":{"start":{"line":86,"column":22},"end":{"line":86,"column":61}},"35":{"start":{"line":87,"column":12},"end":{"line":87,"column":37}},"36":{"start":{"line":92,"column":2},"end":{"line":172,"column":4}},"37":{"start":{"line":131,"column":22},"end":{"line":131,"column":61}},"38":{"start":{"line":132,"column":10},"end":{"line":139,"column":12}},"39":{"start":{"line":176,"column":12},"end":{"line":176,"column":29}},"40":{"start":{"line":177,"column":2},"end":{"line":186,"column":10}},"41":{"start":{"line":178,"column":4},"end":{"line":185,"column":6}},"42":{"start":{"line":187,"column":16},"end":{"line":190,"column":5}},"43":{"start":{"line":187,"column":40},"end":{"line":190,"column":3}},"44":{"start":{"line":191,"column":2},"end":{"line":191,"column":61}},"45":{"start":{"line":194,"column":15},"end":{"line":292,"column":2}}},"fnMap":{"0":{"name":"MapMockup","decl":{"start":{"line":32,"column":24},"end":{"line":32,"column":33}},"loc":{"start":{"line":38,"column":10},"end":{"line":173,"column":1}},"line":38},"1":{"name":"(anonymous_1)","decl":{"start":{"line":44,"column":19},"end":{"line":44,"column":20}},"loc":{"start":{"line":44,"column":45},"end":{"line":49,"column":3}},"line":44},"2":{"name":"(anonymous_2)","decl":{"start":{"line":51,"column":12},"end":{"line":51,"column":13}},"loc":{"start":{"line":51,"column":18},"end":{"line":61,"column":3}},"line":51},"3":{"name":"(anonymous_3)","decl":{"start":{"line":63,"column":38},"end":{"line":63,"column":39}},"loc":{"start":{"line":63,"column":44},"end":{"line":80,"column":3}},"line":63},"4":{"name":"(anonymous_4)","decl":{"start":{"line":85,"column":15},"end":{"line":85,"column":16}},"loc":{"start":{"line":85,"column":25},"end":{"line":88,"column":11}},"line":85},"5":{"name":"(anonymous_5)","decl":{"start":{"line":130,"column":25},"end":{"line":130,"column":26}},"loc":{"start":{"line":130,"column":35},"end":{"line":140,"column":9}},"line":130},"6":{"name":"Pulse","decl":{"start":{"line":175,"column":9},"end":{"line":175,"column":14}},"loc":{"start":{"line":175,"column":17},"end":{"line":192,"column":1}},"line":175},"7":{"name":"(anonymous_7)","decl":{"start":{"line":177,"column":12},"end":{"line":177,"column":13}},"loc":{"start":{"line":177,"column":18},"end":{"line":186,"column":3}},"line":177},"8":{"name":"(anonymous_8)","decl":{"start":{"line":187,"column":33},"end":{"line":187,"column":34}},"loc":{"start":{"line":187,"column":40},"end":{"line":190,"column":3}},"line":187}},"branchMap":{"0":{"loc":{"start":{"line":33,"column":2},"end":{"line":33,"column":20}},"type":"default-arg","locations":[{"start":{"line":33,"column":15},"end":{"line":33,"column":20}}],"line":33},"1":{"loc":{"start":{"line":34,"column":2},"end":{"line":34,"column":22}},"type":"default-arg","locations":[{"start":{"line":34,"column":17},"end":{"line":34,"column":22}}],"line":34},"2":{"loc":{"start":{"line":35,"column":2},"end":{"line":35,"column":21}},"type":"default-arg","locations":[{"start":{"line":35,"column":16},"end":{"line":35,"column":21}}],"line":35},"3":{"loc":{"start":{"line":36,"column":2},"end":{"line":36,"column":19}},"type":"default-arg","locations":[{"start":{"line":36,"column":14},"end":{"line":36,"column":19}}],"line":36},"4":{"loc":{"start":{"line":37,"column":2},"end":{"line":37,"column":19}},"type":"default-arg","locations":[{"start":{"line":37,"column":17},"end":{"line":37,"column":19}}],"line":37},"5":{"loc":{"start":{"line":52,"column":4},"end":{"line":55,"column":5}},"type":"if","locations":[{"start":{"line":52,"column":4},"end":{"line":55,"column":5}},{"start":{},"end":{}}],"line":52},"6":{"loc":{"start":{"line":67,"column":4},"end":{"line":76,"column":5}},"type":"if","locations":[{"start":{"line":67,"column":4},"end":{"line":76,"column":5}},{"start":{"line":71,"column":11},"end":{"line":76,"column":5}}],"line":67},"7":{"loc":{"start":{"line":83,"column":4},"end":{"line":90,"column":10}},"type":"cond-expr","locations":[{"start":{"line":84,"column":8},"end":{"line":89,"column":22}},{"start":{"line":90,"column":8},"end":{"line":90,"column":10}}],"line":83},"8":{"loc":{"start":{"line":109,"column":7},"end":{"line":118,"column":7}},"type":"binary-expr","locations":[{"start":{"line":109,"column":7},"end":{"line":109,"column":16}},{"start":{"line":110,"column":8},"end":{"line":117,"column":15}}],"line":109},"9":{"loc":{"start":{"line":111,"column":11},"end":{"line":115,"column":11}},"type":"binary-expr","locations":[{"start":{"line":111,"column":11},"end":{"line":111,"column":23}},{"start":{"line":112,"column":12},"end":{"line":114,"column":19}}],"line":111},"10":{"loc":{"start":{"line":120,"column":7},"end":{"line":127,"column":7}},"type":"binary-expr","locations":[{"start":{"line":120,"column":7},"end":{"line":120,"column":18}},{"start":{"line":120,"column":22},"end":{"line":120,"column":32}},{"start":{"line":121,"column":8},"end":{"line":126,"column":15}}],"line":120},"11":{"loc":{"start":{"line":129,"column":7},"end":{"line":140,"column":10}},"type":"binary-expr","locations":[{"start":{"line":129,"column":7},"end":{"line":129,"column":30}},{"start":{"line":130,"column":8},"end":{"line":140,"column":10}}],"line":129},"12":{"loc":{"start":{"line":142,"column":7},"end":{"line":159,"column":14}},"type":"cond-expr","locations":[{"start":{"line":143,"column":8},"end":{"line":158,"column":14}},{"start":{"line":159,"column":10},"end":{"line":159,"column":14}}],"line":142},"13":{"loc":{"start":{"line":142,"column":7},"end":{"line":142,"column":67}},"type":"binary-expr","locations":[{"start":{"line":142,"column":7},"end":{"line":142,"column":18}},{"start":{"line":142,"column":22},"end":{"line":142,"column":31}},{"start":{"line":142,"column":35},"end":{"line":142,"column":58}},{"start":{"line":142,"column":62},"end":{"line":142,"column":67}}],"line":142},"14":{"loc":{"start":{"line":155,"column":29},"end":{"line":155,"column":56}},"type":"cond-expr","locations":[{"start":{"line":155,"column":43},"end":{"line":155,"column":50}},{"start":{"line":155,"column":53},"end":{"line":155,"column":56}}],"line":155},"15":{"loc":{"start":{"line":161,"column":7},"end":{"line":168,"column":7}},"type":"binary-expr","locations":[{"start":{"line":161,"column":7},"end":{"line":161,"column":17}},{"start":{"line":162,"column":8},"end":{"line":167,"column":24}}],"line":161}},"s":{"0":0,"1":0,"2":0,"3":0,"4":0,"5":0,"6":0,"7":0,"8":0,"9":0,"10":0,"11":0,"12":0,"13":0,"14":0,"15":0,"16":0,"17":0,"18":0,"19":0,"20":0,"21":0,"22":0,"23":0,"24":0,"25":0,"26":0,"27":0,"28":0,"29":0,"30":0,"31":0,"32":0,"33":0,"34":0,"35":0,"36":0,"37":0,"38":0,"39":0,"40":0,"41":0,"42":0,"43":0,"44":0,"45":0},"f":{"0":0,"1":0,"2":0,"3":0,"4":0,"5":0,"6":0,"7":0,"8":0},"b":{"0":[0],"1":[0],"2":[0],"3":[0],"4":[0],"5":[0,0],"6":[0,0],"7":[0,0],"8":[0,0],"9":[0,0],"10":[0,0,0],"11":[0,0],"12":[0,0],"13":[0,0,0,0],"14":[0,0],"15":[0,0]}}
,"C:\\Users\\Albert\\Desktop\\DAW\\2do\\Projecte\\App_Transporte\\src\\components\\ProfileSelection.tsx": {"path":"C:\\Users\\Albert\\Desktop\\DAW\\2do\\Projecte\\App_Transporte\\src\\components\\ProfileSelection.tsx","statementMap":{"0":{"start":{"line":16,"column":13},"end":{"line":16,"column":19}},"1":{"start":{"line":17,"column":12},"end":{"line":23,"column":3}},"2":{"start":{"line":24,"column":21},"end":{"line":24,"column":44}},"3":{"start":{"line":26,"column":2},"end":{"line":78,"column":4}},"4":{"start":{"line":32,"column":32},"end":{"line":32,"column":78}},"5":{"start":{"line":42,"column":27},"end":{"line":42,"column":45}},"6":{"start":{"line":45,"column":36},"end":{"line":45,"column":80}},"7":{"start":{"line":55,"column":27},"end":{"line":55,"column":46}},"8":{"start":{"line":58,"column":36},"end":{"line":58,"column":80}},"9":{"start":{"line":72,"column":34},"end":{"line":72,"column":82}},"10":{"start":{"line":81,"column":15},"end":{"line":134,"column":2}}},"fnMap":{"0":{"name":"ProfileSelection","decl":{"start":{"line":15,"column":24},"end":{"line":15,"column":40}},"loc":{"start":{"line":15,"column":83},"end":{"line":79,"column":1}},"line":15},"1":{"name":"(anonymous_1)","decl":{"start":{"line":32,"column":15},"end":{"line":32,"column":16}},"loc":{"start":{"line":32,"column":32},"end":{"line":32,"column":78}},"line":32},"2":{"name":"(anonymous_2)","decl":{"start":{"line":42,"column":21},"end":{"line":42,"column":22}},"loc":{"start":{"line":42,"column":27},"end":{"line":42,"column":45}},"line":42},"3":{"name":"(anonymous_3)","decl":{"start":{"line":45,"column":19},"end":{"line":45,"column":20}},"loc":{"start":{"line":45,"column":36},"end":{"line":45,"column":80}},"line":45},"4":{"name":"(anonymous_4)","decl":{"start":{"line":55,"column":21},"end":{"line":55,"column":22}},"loc":{"start":{"line":55,"column":27},"end":{"line":55,"column":46}},"line":55},"5":{"name":"(anonymous_5)","decl":{"start":{"line":58,"column":19},"end":{"line":58,"column":20}},"loc":{"start":{"line":58,"column":36},"end":{"line":58,"column":80}},"line":58},"6":{"name":"(anonymous_6)","decl":{"start":{"line":72,"column":17},"end":{"line":72,"column":18}},"loc":{"start":{"line":72,"column":34},"end":{"line":72,"column":82}},"line":72}},"branchMap":{"0":{"loc":{"start":{"line":32,"column":49},"end":{"line":32,"column":77}},"type":"binary-expr","locations":[{"start":{"line":32,"column":49},"end":{"line":32,"column":56}},{"start":{"line":32,"column":60},"end":{"line":32,"column":77}}],"line":32},"1":{"loc":{"start":{"line":45,"column":50},"end":{"line":45,"column":79}},"type":"binary-expr","locations":[{"start":{"line":45,"column":50},"end":{"line":45,"column":57}},{"start":{"line":45,"column":61},"end":{"line":45,"column":79}}],"line":45},"2":{"loc":{"start":{"line":58,"column":50},"end":{"line":58,"column":79}},"type":"binary-expr","locations":[{"start":{"line":58,"column":50},"end":{"line":58,"column":57}},{"start":{"line":58,"column":61},"end":{"line":58,"column":79}}],"line":58},"3":{"loc":{"start":{"line":72,"column":53},"end":{"line":72,"column":81}},"type":"binary-expr","locations":[{"start":{"line":72,"column":53},"end":{"line":72,"column":60}},{"start":{"line":72,"column":64},"end":{"line":72,"column":81}}],"line":72}},"s":{"0":3,"1":3,"2":3,"3":3,"4":3,"5":1,"6":3,"7":0,"8":3,"9":3,"10":1},"f":{"0":3,"1":3,"2":1,"3":3,"4":0,"5":3,"6":3},"b":{"0":[3,0],"1":[3,0],"2":[3,0],"3":[3,0]},"_coverageSchema":"1a1c01bbd47fc00a2c39e90264f33305004495a9","hash":"40f4428d1e7d63c11211e5ceea6695858b3faac4"}
,"C:\\Users\\Albert\\Desktop\\DAW\\2do\\Projecte\\App_Transporte\\src\\components\\carrier\\carrierCopy.ts": {"path":"C:\\Users\\Albert\\Desktop\\DAW\\2do\\Projecte\\App_Transporte\\src\\components\\carrier\\carrierCopy.ts","statementMap":{"0":{"start":{"line":21,"column":47},"end":{"line":73,"column":1}},"1":{"start":{"line":76,"column":2},"end":{"line":76,"column":20}}},"fnMap":{"0":{"name":"getCarrierCopy","decl":{"start":{"line":75,"column":16},"end":{"line":75,"column":30}},"loc":{"start":{"line":75,"column":63},"end":{"line":77,"column":1}},"line":75}},"branchMap":{},"s":{"0":0,"1":0},"f":{"0":0},"b":{}}
,"C:\\Users\\Albert\\Desktop\\DAW\\2do\\Projecte\\App_Transporte\\src\\components\\clientHome\\ClientScanModal.tsx": {"path":"C:\\Users\\Albert\\Desktop\\DAW\\2do\\Projecte\\App_Transporte\\src\\components\\clientHome\\ClientScanModal.tsx","statementMap":{"0":{"start":{"line":8,"column":14},"end":{"line":8,"column":45}},"1":{"start":{"line":32,"column":2},"end":{"line":67,"column":4}}},"fnMap":{"0":{"name":"ClientScanModal","decl":{"start":{"line":31,"column":16},"end":{"line":31,"column":31}},"loc":{"start":{"line":31,"column":75},"end":{"line":68,"column":1}},"line":31}},"branchMap":{"0":{"loc":{"start":{"line":55,"column":13},"end":{"line":62,"column":13}},"type":"cond-expr","locations":[{"start":{"line":56,"column":14},"end":{"line":59,"column":21}},{"start":{"line":61,"column":14},"end":{"line":61,"column":81}}],"line":55}},"s":{"0":0,"1":0},"f":{"0":0},"b":{"0":[0,0]}}
,"C:\\Users\\Albert\\Desktop\\DAW\\2do\\Projecte\\App_Transporte\\src\\config\\firebase.ts": {"path":"C:\\Users\\Albert\\Desktop\\DAW\\2do\\Projecte\\App_Transporte\\src\\config\\firebase.ts","statementMap":{"0":{"start":{"line":6,"column":38},"end":{"line":13,"column":3}},"1":{"start":{"line":14,"column":2},"end":{"line":23,"column":3}},"2":{"start":{"line":22,"column":4},"end":{"line":22,"column":16}},"3":{"start":{"line":24,"column":2},"end":{"line":24,"column":30}},"4":{"start":{"line":29,"column":2},"end":{"line":29,"column":40}},"5":{"start":{"line":37,"column":15},"end":{"line":37,"column":36}},"6":{"start":{"line":38,"column":2},"end":{"line":38,"column":30}},"7":{"start":{"line":38,"column":13},"end":{"line":38,"column":30}},"8":{"start":{"line":39,"column":2},"end":{"line":41,"column":3}},"9":{"start":{"line":40,"column":4},"end":{"line":40,"column":64}},"10":{"start":{"line":42,"column":2},"end":{"line":42,"column":13}},"11":{"start":{"line":46,"column":12},"end":{"line":46,"column":28}},"12":{"start":{"line":47,"column":2},"end":{"line":47,"column":27}},"13":{"start":{"line":47,"column":10},"end":{"line":47,"column":27}},"14":{"start":{"line":48,"column":2},"end":{"line":50,"column":3}},"15":{"start":{"line":49,"column":4},"end":{"line":49,"column":22}},"16":{"start":{"line":51,"column":2},"end":{"line":51,"column":14}},"17":{"start":{"line":55,"column":12},"end":{"line":55,"column":28}},"18":{"start":{"line":56,"column":2},"end":{"line":56,"column":27}},"19":{"start":{"line":56,"column":10},"end":{"line":56,"column":27}},"20":{"start":{"line":57,"column":2},"end":{"line":59,"column":3}},"21":{"start":{"line":58,"column":4},"end":{"line":58,"column":25}},"22":{"start":{"line":60,"column":2},"end":{"line":60,"column":12}}},"fnMap":{"0":{"name":"readFirebaseOptions","decl":{"start":{"line":5,"column":9},"end":{"line":5,"column":28}},"loc":{"start":{"line":5,"column":55},"end":{"line":25,"column":1}},"line":5},"1":{"name":"isFirebaseConfigured","decl":{"start":{"line":28,"column":16},"end":{"line":28,"column":36}},"loc":{"start":{"line":28,"column":48},"end":{"line":30,"column":1}},"line":28},"2":{"name":"getFirebaseApp","decl":{"start":{"line":36,"column":16},"end":{"line":36,"column":30}},"loc":{"start":{"line":36,"column":58},"end":{"line":43,"column":1}},"line":36},"3":{"name":"getFirebaseAuth","decl":{"start":{"line":45,"column":16},"end":{"line":45,"column":31}},"loc":{"start":{"line":45,"column":52},"end":{"line":52,"column":1}},"line":45},"4":{"name":"getFirestoreDb","decl":{"start":{"line":54,"column":16},"end":{"line":54,"column":30}},"loc":{"start":{"line":54,"column":56},"end
[...]
,"C:\\Users\\Albert\\Desktop\\DAW\\2do\\Projecte\\App_Transporte\\src\\i18n\\useT.ts": {"path":"C:\\Users\\Albert\\Desktop\\DAW\\2do\\Projecte\\App_Transporte\\src\\i18n\\useT.ts","statementMap":{"0":{"start":{"line":10,"column":2},"end":{"line":10,"column":29}},"1":{"start":{"line":10,"column":21},"end":{"line":10,"column":27}},"2":{"start":{"line":11,"column":2},"end":{"line":11,"column":68}},"3":{"start":{"line":11,"column":39},"end":{"line":11,"column":62}}},"fnMap":{"0":{"name":"useT","decl":{"start":{"line":9,"column":16},"end":{"line":9,"column":20}},"loc":{"start":{"line":9,"column":91},"end":{"line":12,"column":1}},"line":9},"1":{"name":"(anonymous_1)","decl":{"start":{"line":10,"column":14},"end":{"line":10,"column":15}},"loc":{"start":{"line":10,"column":21},"end":{"line":10,"column":27}},"line":10},"2":{"name":"(anonymous_2)","decl":{"start":{"line":11,"column":21},"end":{"line":11,"column":22}},"loc":{"start":{"line":11,"column":39},"end":{"line":11,"column":62}},"line":11}},"branchMap":{},"s":{"0":6,"1":18,"2":6,"3":45},"f":{"0":6,"1":18,"2":45},"b":{},"_coverageSchema":"1a1c01bbd47fc00a2c39e90264f33305004495a9","hash":"40cd334d482852e47e7d62e5bd571f1a5271ca38"}
,"C:\\Users\\Albert\\Desktop\\DAW\\2do\\Projecte\\App_Transporte\\src\\i18n\\locales\\ca.ts": {"path":"C:\\Users\\Albert\\Desktop\\DAW\\2do\\Projecte\\App_Transporte\\src\\i18n\\locales\\ca.ts","statementMap":{"0":{"start":{"line":3,"column":28},"end":{"line":40,"column":1}}},"fnMap":{},"branchMap":{},"s":{"0":3},"f":{},"b":{},"_coverageSchema":"1a1c01bbd47fc00a2c39e90264f33305004495a9","hash":"e8d426f8bb70cba63a079a9f64cadc6ac6b847b5"}
,"C:\\Users\\Albert\\Desktop\\DAW\\2do\\Projecte\\App_Transporte\\src\\i18n\\locales\\en.ts": {"path":"C:\\Users\\Albert\\Desktop\\DAW\\2do\\Projecte\\App_Transporte\\src\\i18n\\locales\\en.ts","statementMap":{"0":{"start":{"line":3,"column":28},"end":{"line":40,"column":1}}},"fnMap":{},"branchMap":{},"s":{"0":3},"f":{},"b":{},"_coverageSchema":"1a1c01bbd47fc00a2c39e90264f33305004495a9","hash":"75eb0edc09ba2984a06056f45020427085b8aba0"}
,"C:\\Users\\Albert\\Desktop\\DAW\\2do\\Projecte\\App_Transporte\\src\\i18n\\locales\\es.ts": {"path":"C:\\Users\\Albert\\Desktop\\DAW\\2do\\Projecte\\App_Transporte\\src\\i18n\\locales\\es.ts","statementMap":{"0":{"start":{"line":35,"column":28},"end":{"line":72,"column":1}}},"fnMap":{},"branchMap":{},"s":{"0":3},"f":{},"b":{},"_coverageSchema":"1a1c01bbd47fc00a2c39e90264f33305004495a9","hash":"b13124fb2fa523e3f92dd50cf216975a484c3b18"}
,"C:\\Users\\Albert\\Desktop\\DAW\\2do\\Projecte\\App_Transporte\\src\\services\\firebase\\bootstrap.ts": {"path":"C:\\Users\\Albert\\Desktop\\DAW\\2do\\Projecte\\App_Transporte\\src\\services\\firebase\\bootstrap.ts","statementMap":{"0":{"start":{"line":10,"column":15},"end":{"line":10,"column":32}},"1":{"start":{"line":11,"column":13},"end":{"line":11,"column":29}},"2":{"start":{"line":12,"column":2},"end":{"line":14,"column":3}},"3":{"start":{"line":13,"column":4},"end":{"line":13,"column":16}},"4":{"start":{"line":16,"column":15},"end":{"line":16,"column":44}},"5":{"start":{"line":17,"column":14},"end":{"line":17,"column":27}},"6":{"start":{"line":19,"column":2},"end":{"line":26,"column":4}},"7":{"start":{"line":28,"column":2},"end":{"line":28,"column":17}}},"fnMap":{"0":{"name":"bootstrapFirebaseUser","decl":{"start":{"line":9,"column":22},"end":{"line":9,"column":43}},"loc":{"start":{"line":9,"column":79},"end":{"line":29,"column":1}},"line":9}},"branchMap":{"0":{"loc":{"start":{"line":12,"column":2},"end":{"line":14,"column":3}},"type":"if","locations":[{"start":{"line":12,"column":2},"end":{"line":14,"column":3}},{"start":{},"end":{}}],"line":12},"1":{"loc":{"start":{"line":12,"column":6},"end":{"line":12,"column":18}},"type":"binary-expr","locations":[{"start":{"line":12,"column":6},"end":{"line":12,"column":11}},{"start":{"line":12,"column":15},"end":{"line":12,"column":18}}],"line":12}},"s":{"0":0,"1":0,"2":0,"3":0,"4":0,"5":0,"6":0,"7":0},"f":{"0":0},"b":{"0":[0,0],"1":[0,0]}}
,"C:\\Users\\Albert\\Desktop\\DAW\\2do\\Projecte\\App_Transporte\\src\\services\\monitoring\\sentry.ts": {"path":"C:\\Users\\Albert\\Desktop\\DAW\\2do\\Projecte\\App_Transporte\\src\\services\\monitoring\\sentry.ts","statementMap":{"0":{"start":{"line":19,"column":34},"end":{"line":19,"column":38}},"1":{"start":{"line":20,"column":18},"end":{"line":20,"column":23}},"2":{"start":{"line":23,"column":2},"end":{"line":23,"column":28}},"3":{"start":{"line":23,"column":14},"end":{"line":23,"column":28}},"4":{"start":{"line":24,"column":2},"end":{"line":29,"column":3}},"5":{"start":{"line":25,"column":4},"end":{"line":25,"column":61}},"6":{"start":{"line":26,"column":4},"end":{"line":26,"column":18}},"7":{"start":{"line":28,"column":4},"end":{"line":28,"column":16}},"8":{"start":{"line":33,"column":14},"end":{"line":33,"column":48}},"9":{"start":{"line":34,"column":2},"end":{"line":34,"column":56}},"10":{"start":{"line":38,"column":2},"end":{"line":38,"column":33}},"11":{"start":{"line":42,"column":2},"end":{"line":42,"column":26}},"12":{"start":{"line":42,"column":19},"end":{"line":42,"column":26}},"13":{"start":{"line":43,"column":14},"end":{"line":43,"column":28}},"14":{"start":{"line":44,"column":2},"end":{"line":44,"column":19}},"15":{"start":{"line":44,"column":12},"end":{"line":44,"column":19}},"16":{"start":{"line":46,"column":14},"end":{"line":46,"column":26}},"17":{"start":{"line":47,"column":2},"end":{"line":47,"column":19}},"18":{"start":{"line":47,"column":12},"end":{"line":47,"column":19}},"19":{"start":{"line":49,"column":2},"end":{"line":59,"column":3}},"20":{"start":{"line":50,"column":4},"end":{"line":55,"column":7}},"21":{"start":{"line":56,"column":4},"end":{"line":56,"column":23}},"22":{"start":{"line":58,"column":4},"end":{"line":58,"column":57}},"23":{"start":{"line":58,"column":17},"end":{"line":58,"column":57}},"24":{"start":{"line":63,"column":2},"end":{"line":63,"column":33}},"25":{"start":{"line":63,"column":26},"end":{"line":63,"column":33}},"26":{"start":{"line":64,"column":14},"end":{"line":64,"column":26}},"27":{"start":{"line":65,"column":2},"end":{"line":65,"column":19}},"28":{"start":{"line":65,"column":12},"end":{"line":65,"column":19}},"29":{"start":{"line":66,"column":2},"end":{"line":70,"column":3}},"30":{"start":{"line":67,"column":4},"end":{"line":67,"column":61}},"31":{"start":{"line":69,"column":4},"end":{"line":69,"column":60}},"32":{"start":{"line":69,"column":17},"end":{"line":69,"column":60}},"33":{"start":{"line":77,"column":2},"end":{"line":77,"column":43}},"34":{"start":{"line":77,"column":26},"end":{"line":77,"column":43}},"35":{"start":{"line":78,"column":14},"end":{"line":78,"column":26}},"36":{"start":{"line":79,"column":2},"end":{"line":79,"column":29}},"37":{"start":{"line":79,"column":12},"end":{"line":79,"column":29}},"38":{"start":{"line":80,"column":2},"end":{"line":84,"column":3}},"39":{"start":{"line":81,"column":4},"end":{"line":81,"column":31}},"40":{"start":{"line":83,"column":4},"end":{"line":83,"column":21}}},"fnMap":{"0":{"name":"loadSentry","decl":{"start":{"line":22,"column":9},"end":{"line":22,"column":19}},"loc":{"start":{"line":22,"column":43},"end":{"line":30,"column":1}},"line":22},"1":{"name":"getSentryDsn","decl":{"start":{"line":32,"column":16},"end":{"line":32,"column":28}},"loc":{"start":{"line":32,"column":51},"end":{"line":35,"column":1}},"line":32},"2":{"name":"isSentryEnabled","decl":{"start":{"line":37,"column":16},"end":{"line":37,"column":31}},"loc":{"start":{"line":37,"column":43},"end":{"line":39,"column":1}},"line":37},"3":{"name":"initSentry","decl":{"start":{"line":41,"column":16},"end":{"line":41,"column":26}},"loc":{"start":{"line":41,"column":35},"end":{"line":60,"column":1}},"line":41},"4":{"name":"captureException","decl":{"start":{"line":62,"column":16},"end":{"line":62,"column":32}},"loc":{"start":{"line":62,"column":72},"end":{"line":71,"column":1}},"line":62},"5":{"name":"wrapRootComponent","decl":{"start":{"line":76,"column":16},"end":{"line":76,"column":33}},"loc":{"start":{"line":76,"column":54},"end":{"line":85,"column":1}},"line":76}},"branchMap":{"0":{"loc":{"start":{"line":23,"column":2},"end":{"line":23,"column":28}},"type":"if","locations":[{"start":{"line":23,"column":2},"end":{"line":23,"column":28}},{"start":{},"end":{}}],"line":23},"1":{"loc":{"start":{"line":34,"column":9},"end":{"line":34,"column":55}},"type":"cond-expr","locations":[{"start":{"line":34,"column":40},"end":{"line":34,"column":43}},{"start":{"line":34,"column":46},"end":{"line":34,"column":55}}],"line":34},"2":{"loc":{"start":{"line":34,"column":9},"end":{"line":34,"column":37}},"type":"binary-expr","locations":[{"start":{"line":34,"column":9},"end":{"line":34,"column":12}},{"start":{"line":34,"column":16},"end":{"line":34,"column":37}}],"line":34},"3":{"loc":{"start":{"line":42,"column":2},"end":{"line":42,"column":26}},"type":"if","locations":[{"start":{"line":42,"column":2},"end":{"line":42,"column":26}},{"start":{},"end":{}}],"line":42},"4":{"loc":{"start":{"line":44,"column":2},"end":{"line":44,"column":19}},"type":"if","locations":[{"start":{"line":44,"column":2},"end":{"line":44,"column":19}},{"start":{},"end":{}}],"line":44},"5":{"loc":{"start":{"line":47,"column":2},"end":{"line":47,"column":19}},"type":"if","locations":[{"start":{"line":47,"column":2},"end":{"line":47,"column":19}},{"start":{},"end":{}}],"line":47},"6":{"loc":{"start":{"line":58,"column":4},"end":{"line":58,"column":57}},"type":"if","locations":[{"start":{"line":58,"column":4},"end":{"line":58,"column":57}},{"start":{},"end":{}}],"line":58},"7":{"loc":{"start":{"line":63,"column":2},"end":{"line":63,"column":33}},"type":"if","locations":[{"start":{"line":63,"column":2},"end":{"line":63,"column":33}},{"start":{},"end":{}}],"line":63},"8":{"loc":{"start":{"line":65,"column":2},"end":{"line":65,"column":19}},"type":"if","locations":[{"start":{"line":65,"column":2},"end":{"line":65,"column":19}},{"start":{},"end":{}}],"line":65},"9":{"loc":{"start":{"line":67,"column":30},"end":{"line":67,"column":59}},"type":"cond-expr","locations":[{"start":{"line":67,"column":38},"end":{"line":67,"column":47}},{"start":{"line":67,"column":50},"end":{"line":67,"column":59}}],"line":67},"10":{"loc":{"start":{"line":69,"column":4},"end":{"line":69,"column":60}},"type":"if","locations":[{"start":{"line":69,"column":4},"end":{"line":69,"column":60}},{"start":{},"end":{}}],"line":69},"11":{"loc":{"start":{"line":77,"column":2},"end":{"line":77,"column":43}},"type":"if","locations":[{"start":{"line":77,"column":2},"end":{"line":77,"column":43}},{"start":{},"end":{}}],"line":77},"12":{"loc":{"start":{"line":79,"column":2},"end":{"line":79,"column":29}},"type":"if","locations":[{"start":{"line":79,"column":2},"end":{"line":79,"column":29}},{"start":{},"end":{}}],"line":79}},"s":{"0":0,"1":0,"2":0,"3":0,"4":0,"5":0,"6":0,"7":0,"8":0,"9":0,"10":0,"11":0,"12":0,"13":0,"14":0,"15":0,"16":0,"17":0,"18":0,"19":0,"20":0,"21":0,"22":0,"23":0,"24":0,"25":0,"26":0,"27":0,"28":0,"29":0,"30":0,"31":0,"32":0,"33":0,"34":0,"35":0,"36":0,"37":0,"38":0,"39":0,"40":0},"f":{"0":0,"1":0,"2":0,"3":0,"4":0,"5":0},"b":{"0":[0,0],"1":[0,0],"2":[0,0],"3":[0,0],"4":[0,0],"5":[0,0],"6":[0,0],"7":[0,0],"8":[0,0],"9":[0,0],"10":[0,0],"11":[0,0],"12":[0,0]}}
,"C:\\Users\\Albert\\Desktop\\DAW\\2do\\Projecte\\App_Transporte\\src\\store\\appStore.ts": {"path":"C:\\Users\\Albert\\Desktop\\DAW\\2do\\Projecte\\App_Transporte\\src\\store\\appStore.ts","statementMap":{"0":{"start":{"line":23,"column":26},"end":{"line":27,"column":1}},"1":{"start":{"line":29,"column":27},"end":{"line":60,"column":3}},"2":{"start":{"line":29,"column":54},"end":{"line":60,"column":1}},"3":{"start":{"line":32,"column":21},"end":{"line":32,"column":51}},"4":{"start":{"line":35,"column":4},"end":{"line":38,"column":6}},"5":{"start":{"line":40,"column":28},"end":{"line":40,"column":81}},"6":{"start":{"line":42,"column":21},"end":{"line":42,"column":34}},"7":{"start":{"line":45,"column":4},"end":{"line":51,"column":6}},"8":{"start":{"line":46,"column":6},"end":{"line":46,"column":50}},"9":{"start":{"line":46,"column":38},"end":{"line":46,"column":50}},"10":{"start":{"line":47,"column":6},"end":{"line":50,"column":8}},"11":{"start":{"line":54,"column":4},"end":{"line":57,"column":7}},"12":{"start":{"line":54,"column":19},"end":{"line":57,"column":5}},"13":{"start":{"line":59,"column":15},"end":{"line":59,"column":34}},"14":{"start":{"line":63,"column":26},"end":{"line":63,"column":49}},"15":{"start":{"line":63,"column":43},"end":{"line":63,"column":49}},"16":{"start":{"line":64,"column":26},"end":{"line":64,"column":49}},"17":{"start":{"line":64,"column":43},"end":{"line":64,"column":49}},"18":{"start":{"line":65,"column":29},"end":{"line":65,"column":55}},"19":{"start":{"line":65,"column":46},"end":{"line":65,"column":55}},"20":{"start":{"line":66,"column":33},"end":{"line":66,"column":63}},"21":{"start":{"line":66,"column":50},"end":{"line":66,"column":63}}},"fnMap":{"0":{"name":"(anonymous_0)","decl":{"start":{"line":29,"column":44},"end":{"line":29,"column":45}},"loc":{"start":{"line":29,"column":54},"end":{"line":60,"column":1}},"line":29},"1":{"name":"(anonymous_1)","decl":{"start":{"line":32,"column":11},"end":{"line":32,"column":12}},"loc":{"start":{"line":32,"column":21},"end":{"line":32,"column":51}},"line":32},"2":{"name":"(anonymous_2)","decl":{"start":{"line":34,"column":17},"end":{"line":34,"column":18}},"loc":{"start":{"line":35,"column":4},"end":{"line":38,"column":6}},"line":35},"3":{"name":"(anonymous_3)","decl":{"start":{"line":40,"column":18},"end":{"line":40,"column":19}},"loc":{"start":{"line":40,"column":28},"end":{"line":40,"column":81}},"line":40},"4":{"name":"(anonymous_4)","decl":{"start":{"line":42,"column":11},"end":{"line":42,"column":12}},"loc":{"start":{"line":42,"column":21},"end":{"line":42,"column":34}},"line":42},"5":{"name":"(anonymous_5)","decl":{"start":{"line":44,"column":17},"end":{"line":44,"column":18}},"loc":{"start":{"line":45,"column":4},"end":{"line":51,"column":6}},"line":45},"6":{"name":"(anonymous_6)","decl":{"start":{"line":45,"column":8},"end":{"line":45,"column":9}},"loc":{"start":{"line":45,"column":18},"end":{"line":51,"column":5}},"line":45},"7":{"name":"(anonymous_7)","decl":{"start":{"line":53,"column":18},"end":{"line":53,"column":19}},"loc":{"start":{"line":54,"column":4},"end":{"line":57,"column":7}},"line":54},"8":{"name":"(anonymous_8)","decl":{"start":{"line":54,"column":8},"end":{"line":54,"column":9}},"loc":{"start":{"line":54,"column":19},"end":{"line":57,"column":5}},"line":54},"9":{"name":"(anonymous_9)","decl":{"start":{"line":59,"column":9},"end":{"line":59,"column":10}},"loc":{"start":{"line":59,"column":15},"end":{"line":59,"column":34}},"line":59},"10":{"name":"(anonymous_10)","decl":{"start":{"line":63,"column":26},"end":{"line":63,"column":27}},"loc":{"start":{"line":63,"column":43},"end":{"line":63,"column":49}},"line":63},"11":{"name":"(anonymous_11)","decl":{"start":{"line":64,"column":26},"end":{"line":64,"column":27}},"loc":{"start":{"line":64,"column":43},"end":{"line":64,"column":49}},"line":64},"12":{"name":"(anonymous_12)","decl":{"start":{"line":65,"column":29},"end":{"line":65,"column":30}},"loc":{"start":{"line":65,"column":46},"end":{"line":65,"column":55}},"line":65},"13":{"name":"(anonymous_13)","decl":{"start":{"line":66,"column":33},"end":{"line":66,"column":34}},"loc":{"start":{"line":66,"column":50},"end":{"line":66,"column":63}},"line":66}},"branchMap":{"0":{"loc":{"start":{"line":37,"column":12},"end":{"line":37,"column":67}},"type":"cond-expr","locations":[{"start":{"line":37,"column":36},"end":{"line":37,"column":58}},{"start":{"line":37,"column":61},"end":{"line":37,"column":67}}],"line":37},"1":{"loc":{"start":{"line":46,"column":6},"end":{"line":46,"column":50}},"type":"if","locations":[{"start":{"line":46,"column":6},"end":{"line":46,"column":50}},{"start":{},"end":{}}],"line":46},"2":{"loc":{"start":{"line":55,"column":12},"end":{"line":55,"column":45}},"type":"binary-expr","locations":[{"start":{"line":55,"column":12},"end":{"line":55,"column":32}},{"start":{"line":55,"column":36},"end":{"line":55,"column":45}}],"line":55}},"s":{"0":3,"1":3,"2":3,"3":1,"4":2,"5":0,"6":2,"7":3,"8":3,"9":1,"10":2,"11":1,"12":1,"13":12,"14":3,"15":0,"16":3,"17":0,"18":3,"19":0,"20":3,"21":0},"f":{"0":3,"1":1,"2":2,"3":0,"4":2,"5":3,"6":3,"7":1,"8":1,"9":12,"10":0,"11":0,"12":0,"13":0},"b":{"0":[1,1],"1":[1,2],"2":[1,0]},"_coverageSchema":"1a1c01bbd47fc00a2c39e90264f33305004495a9","hash":"9103ee490a70a9c681172486aaa8e6c3436343a0"}
,"C:\\Users\\Albert\\Desktop\\DAW\\2do\\Projecte\\App_Transporte\\src\\utils\\missionPricing.ts": {"path":"C:\\Users\\Albert\\Desktop\\DAW\\2do\\Projecte\\App_Transporte\\src\\utils\\missionPricing.ts","statementMap":{"0":{"start":{"line":10,"column":16},"end":{"line":10,"column":17}},"1":{"start":{"line":11,"column":23},"end":{"line":11,"column":26}},"2":{"start":{"line":12,"column":28},"end":{"line":12,"column":32}},"3":{"start":{"line":14,"column":67},"end":{"line":19,"column":1}},"4":{"start":{"line":27,"column":68},"end":{"line":27,"column":74}},"5":{"start":{"line":29,"column":18},"end":{"line":29,"column":19}},"6":{"start":{"line":30,"column":2},"end":{"line":41,"column":3}},"7":{"start":{"line":31,"column":19},"end":{"line":31,"column":39}},"8":{"start":{"line":32,"column":4},"end":{"line":32,"column":56}},"9":{"start":{"line":34,"column":4},"end":{"line":37,"column":7}},"10":{"start":{"line":35,"column":21},"end":{"line":35,"column":38}},"11":{"start":{"line":36,"column":6},"end":{"line":36,"column":53}},"12":{"start":{"line":38,"column":4},"end":{"line":40,"column":5}},"13":{"start":{"line":39,"column":6},"end":{"line":39,"column":58}},"14":{"start":{"line":43,"column":19},"end":{"line":43,"column":50}},"15":{"start":{"line":44,"column":21},"end":{"line":44,"column":73}},"16":{"start":{"line":46,"column":2},"end":{"line":51,"column":4}}},"fnMap":{"0":{"name":"computeMissionPrice","decl":{"start":{"line":21,"column":16},"end":{"line":21,"column":35}},"loc":{"start":{"line":26,"column":23},"end":{"line":52,"column":1}},"line":26},"1":{"name":"(anonymous_1)","decl":{"start":{"line":34,"column":21},"end":{"line":34,"column":22}},"loc":{"start":{"line":34,"column":30},"end":{"line":37,"column":5}},"line":34}},"branchMap":{"0":{"loc":{"start":{"line":30,"column":2},"end":{"line":41,"column":3}},"type":"if","locations":[{"start":{"line":30,"column":2},"end":{"line":41,"column":3}},{"start":{"line":33,"column":9},"end":{"line":41,"column":3}}],"line":30},"1":{"loc":{"start":{"line":38,"column":4},"end":{"line":40,"column":5}},"type":"if","locations":[{"start":{"line":38,"column":4},"end":{"line":40,"column":5}},{"start":{},"end":{}}],"line":38},"2":{"loc":{"start":{"line":44,"column":21},"end":{"line":44,"column":73}},"type":"cond-expr","locations":[{"start":{"line":44,"column":41},"end":{"line":44,"column":61}},{"start":{"line":44,"column":64},"end":{"line":44,"column":73}}],"line":44},"3":{"loc":{"start":{"line":50,"column":11},"end":{"line":50,"column":58}},"type":"cond-expr","locations":[{"start":{"line":50,"column":39},"end":{"line":50,"column":40}},{"start":{"line":50,"column":43},"end":{"line":50,"column":58}}],"line":50}},"s":{"0":2,"1":2,"2":2,"3":2,"4":17,"5":17,"6":17,"7":10,"8":10,"9":7,"10":9,"11":9,"12":7,"13":3,"14":17,"15":17,"16":17},"f":{"0":17,"1":9},"b":{"0":[10,7],"1":[3,4],"2":[4,13],"3":[10,7]},"_coverageSchema":"1a1c01bbd47fc00a2c39e90264f33305004495a9","hash":"4b41af862e6e68dee48270ced76760caf475a2a4"}
}
