TN:
SF:src\theme.ts
FNF:0
FNH:0
DA:1,2
LF:1
LH:1
BRF:0
BRH:0
end_of_record
TN:
SF:src\components\AppErrorBoundary.tsx
FN:18,(anonymous_0)
FN:22,(anonymous_1)
FN:29,(anonymous_2)
FN:33,(anonymous_3)
FN:48,(anonymous_4)
FNF:5
FNH:0
FNDA:0,(anonymous_0)
FNDA:0,(anonymous_1)
FNDA:0,(anonymous_2)
FNDA:0,(anonymous_3)
FNDA:0,(anonymous_4)
DA:16,0
DA:19,0
DA:23,0
DA:24,0
DA:26,0
DA:29,0
DA:30,0
DA:34,0
DA:35,0
DA:48,0
DA:57,0
DA:61,0
LF:12
LH:0
BRDA:19,0,0,0
BRDA:19,0,1,0
BRDA:23,1,0,0
BRDA:23,1,1,0
BRDA:34,2,0,0
BRDA:34,2,1,0
BRDA:43,3,0,0
BRDA:43,3,1,0
BRDA:48,4,0,0
BRDA:48,4,1,0
BRF:10
BRH:0
end_of_record
TN:
SF:src\components\CarrierHome.tsx
FN:62,CarrierHome
FN:81,(anonymous_1)
FN:81,(anonymous_2)
FN:83,(anonymous_3)
FN:85,(anonymous_4)
FN:86,(anonymous_5)
FN:91,(anonymous_6)
FN:92,(anonymous_7)
FN:92,(anonymous_8)
FN:98,(anonymous_9)
FN:99,(anonymous_10)
FN:104,(anonymous_11)
FN:106,(anonymous_12)
FN:113,(anonymous_13)
FN:115,(anonymous_14)
FN:148,(anonymous_15)
FN:153,(anonymous_16)
FN:177,(anonymous_17)
FN:184,(anonymous_18)
FN:244,(anonymous_19)
FN:261,(anonymous_20)
FN:262,(anonymous_21)
FN:282,(anonymous_22)
FN:294,(anonymous_23)
FN:302,(anonymous_24)
FN:315,(anonymous_25)
FN:323,(anonymous_26)
FN:330,(anonymous_27)
FN:333,(anonymous_28)
FN:342,(anonymous_29)
FN:357,(anonymous_30)
FN:387,(anonymous_31)
FN:427,(anonymous_32)
FN:431,(anonymous_33)
FN:444,RadarRipple
FN:446,(anonymous_35)
FN:453,(anonymous_36)
FNF:37
FNH:0
FNDA:0,CarrierHome
FNDA:0,(anonymous_1)
FNDA:0,(anonymous_2)
FNDA:0,(anonymous_3)
FNDA:0,(anonymous_4)
FNDA:0,(anonymous_5)
FNDA:0,(anonymous_6)
FNDA:0,(anonymous_7)
FNDA:0,(anonymous_8)
FNDA:0,(anonymous_9)
FNDA:0,(anonymous_10)
FNDA:0,(anonymous_11)
FNDA:0,(anonymous_12)
FNDA:0,(anonymous_13)
FNDA:0,(anonymous_14)
FNDA:0,(anonymous_15)
FNDA:0,(anonymous_16)
FNDA:0,(anonymous_17)
FNDA:0,(anonymous_18)
FNDA:0,(anonymous_19)
FNDA:0,(anonymous_20)
FNDA:0,(anonymous_21)
FNDA:0,(anonymous_22)
FNDA:0,(anonymous_23)
FNDA:0,(anonymous_24)
FNDA:0,(anonymous_25)
FNDA:0,(anonymous_26)
FNDA:0,(anonymous_27)
FNDA:0,(anonymous_28)
FNDA:0,(anonymous_29)
FNDA:0,(anonymous_30)
FNDA:0,(anonymous_31)
FNDA:0,(anonymous_32)
FNDA:0,(anonymous_33)
FNDA:0,RadarRipple
FNDA:0,(anonymous_35)
FNDA:0,(anonymous_36)
DA:60,0
DA:63,0
DA:64,0
DA:65,0
DA:66,0
DA:67,0
DA:68,0
DA:70,0
DA:71,0
DA:72,0
DA:73,0
DA:75,0
DA:81,0
DA:83,0
DA:84,0
DA:85,0
DA:86,0
DA:88,0
DA:91,0
DA:92,0
DA:93,0
DA:96,0
DA:98,0
DA:99,0
DA:101,0
DA:102,0
DA:104,0
DA:105,0
DA:107,0
DA:113,0
DA:114,0
DA:116,0
DA:121,0
DA:123,0
DA:148,0
DA:153,0
DA:177,0
DA:184,0
DA:244,0
DA:261,0
DA:263,0
DA:282,0
DA:294,0
DA:303,0
DA:316,0
DA:324,0
DA:331,0
DA:334,0
DA:336,0
DA:337,0
DA:338,0
DA:339,0
DA:342,0
DA:358,0
DA:388,0
DA:389,0
DA:427,0
DA:431,0
DA:445,0
DA:446,0
DA:447,0
DA:453,0
DA:457,0
DA:465,0
DA:467,0
LF:65
LH:0
BRDA:84,0,0,0
BRDA:84,0,1,0
BRDA:92,1,0,0
BRDA:92,1,1,0
BRDA:107,2,0,0
BRDA:107,2,1,0
BRDA:107,2,2,0
BRDA:116,3,0,0
BRDA:116,3,1,0
BRDA:116,3,2,0
BRDA:121,4,0,0
BRDA:121,4,1,0
BRDA:125,5,0,0
BRDA:125,5,1,0
BRDA:128,6,0,0
BRDA:128,6,1,0
BRDA:148,7,0,0
BRDA:148,7,1,0
BRDA:155,8,0,0
BRDA:155,8,1,0
BRDA:156,9,0,0
BRDA:156,9,1,0
BRDA:158,10,0,0
BRDA:158,10,1,0
BRDA:159,11,0,0
BRDA:159,11,1,0
BRDA:160,12,0,0
BRDA:160,12,1,0
BRDA:169,13,0,0
BRDA:169,13,1,0
BRDA:173,14,0,0
BRDA:173,14,1,0
BRDA:178,15,0,0
BRDA:178,15,1,0
BRDA:180,16,0,0
BRDA:180,16,1,0
BRDA:181,17,0,0
BRDA:181,17,1,0
BRDA:185,18,0,0
BRDA:185,18,1,0
BRDA:187,19,0,0
BRDA:187,19,1,0
BRDA:188,20,0,0
BRDA:188,20,1,0
BRDA:192,21,0,0
BRDA:192,21,1,0
BRDA:210,22,0,0
BRDA:210,22,1,0
BRDA:239,23,0,0
BRDA:239,23,1,0
BRDA:291,24,0,0
BRDA:291,24,1,0
BRDA:309,25,0,0
BRDA:309,25,1,0
BRDA:336,26,0,0
BRDA:336,26,1,0
BRDA:345,27,0,0
BRDA:345,27,1,0
BRDA:346,28,0,0
BRDA:346,28,1,0
BRDA:346,28,2,0
BRDA:349,29,0,0
BRDA:349,29,1,0
BRDA:350,30,0,0
BRDA:350,30,1,0
BRDA:350,31,0,0
BRDA:350,31,1,0
BRDA:356,32,0,0
BRDA:356,32,1,0
BRF:69
BRH:0
end_of_record
TN:
SF:src\components\CarrierRegistration.tsx
FN:53,CarrierRegistration
FN:59,(anonymous_1)
FN:60,(anonymous_2)
FN:79,(anonymous_3)
FN:118,(anonymous_4)
FN:123,(anonymous_5)
FN:146,(anonymous_6)
FNF:7
FNH:0
FNDA:0,CarrierRegistration
FNDA:0,(anonymous_1)
FNDA:0,(anonymous_2)
FNDA:0,(anonymous_3)
FNDA:0,(anonymous_4)
FNDA:0,(anonymous_5)
FNDA:0,(anonymous_6)
DA:22,0
DA:46,0
DA:54,0
DA:55,0
DA:56,0
DA:57,0
DA:59,0
DA:60,0
DA:61,0
DA:62,0
DA:66,0
DA:68,0
DA:79,0
DA:119,0
DA:120,0
DA:123,0
DA:146,0
DA:160,0
LF:18
LH:0
BRDA:61,0,0,0
BRDA:61,0,1,0
BRDA:61,1,0,0
BRDA:61,1,1,0
BRDA:61,1,2,0
BRDA:62,2,0,0
BRDA:62,2,1,0
BRDA:66,3,0,0
BRDA:66,3,1,0
BRDA:71,4,0,0
BRDA:71,4,1,0
BRDA:79,5,0,0
BRDA:79,5,1,0
BRDA:124,6,0,0
BRDA:124,6,1,0
BRDA:127,7,0,0
BRDA:127,7,1,0
BRDA:128,8,0,0
BRDA:128,8,1,0
BRDA:131,9,0,0
BRDA:131,9,1,0
BRDA:148,10,0,0
BRDA:148,10,1,0
BRDA:149,11,0,0
BRDA:149,11,1,0
BRDA:149,11,2,0
BRF:26
BRH:0
end_of_record
TN:
SF:src\components\ClientHome.tsx
FN:54,ClientHome
FN:80,(anonymous_1)
FN:81,(anonymous_2)
FN:82,(anonymous_3)
FN:82,(anonymous_4)
FN:84,(anonymous_5)
FN:91,(anonymous_6)
FN:101,(anonymous_7)
FN:117,(anonymous_8)
FN:128,(anonymous_9)
FN:131,(anonymous_10)
FN:177,(anonymous_11)
FN:194,(anonymous_12)
FN:194,(anonymous_13)
FN:204,(anonymous_14)
FN:235,(anonymous_15)
FN:245,(anonymous_16)
FN:284,(anonymous_17)
FN:290,(anonymous_18)
FN:295,(anonymous_19)
FN:307,(anonymous_20)
FN:310,(anonymous_21)
FN:318,(anonymous_22)
FN:325,(anonymous_23)
FN:325,(anonymous_24)
FN:333,(anonymous_25)
FN:334,(anonymous_26)
FN:344,(anonymous_27)
FN:344,(anonymous_28)
FN:345,(anonymous_29)
FN:350,(anonymous_30)
FN:361,(anonymous_31)
FN:385,(anonymous_32)
FN:387,(anonymous_33)
FN:433,(anonymous_34)
FN:513,(anonymous_35)
FNF:36
FNH:0
FNDA:0,ClientHome
FNDA:0,(anonymous_1)
FNDA:0,(anonymous_2)
FNDA:0,(anonymous_3)
FNDA:0,(anonymous_4)
FNDA:0,(anonymous_5)
FNDA:0,(anonymous_6)
FNDA:0,(anonymous_7)
FNDA:0,(anonymous_8)
FNDA:0,(anonymous_9)
FNDA:0,(anonymous_10)
FNDA:0,(anonymous_11)
FNDA:0,(anonymous_12)
FNDA:0,(anonymous_13)
FNDA:0,(anonymous_14)
FNDA:0,(anonymous_15)
FNDA:0,(anonymous_16)
FNDA:0,(anonymous_17)
FNDA:0,(anonymous_18)
FNDA:0,(anonymous_19)
FNDA:0,(anonymous_20)
FNDA:0,(anonymous_21)
FNDA:0,(anonymous_22)
FNDA:0,(anonymous_23)
FNDA:0,(anonymous_24)
FNDA:0,(anonymous_25)
FNDA:0,(anonymous_26)
FNDA:0,(anonymous_27)
FNDA:0,(anonymous_28)
FNDA:0,(anonymous_29)
FNDA:0,(anonymous_30)
FNDA:0,(anonymous_31)
FNDA:0,(anonymous_32)
FNDA:0,(anonymous_33)
FNDA:0,(anonymous_34)
FNDA:0,(anonymous_35)
DA:42,0
DA:52,0
DA:55,0
DA:56,0
DA:57,0
DA:58,0
DA:59,0
DA:60,0
DA:61,0
DA:62,0
DA:63,0
DA:64,0
DA:65,0
DA:66,0
DA:67,0
DA:68,0
DA:70,0
DA:80,0
DA:81,0
DA:82,0
DA:84,0
DA:86,0
DA:88,0
DA:90,0
DA:92,0
DA:101,0
DA:102,0
DA:103,0
DA:104,0
DA:113,0
DA:115,0
DA:117,0
DA:126,0
DA:129,0
DA:132,0
DA:133,0
DA:147,0
DA:177,0
DA:194,0
DA:205,0
DA:206,0
DA:236,0
DA:237,0
DA:246,0
DA:247,0
DA:284,0
DA:291,0
DA:292,0
DA:295,0
DA:308,0
DA:310,0
DA:319,0
DA:325,0
DA:334,0
DA:344,0
DA:345,0
DA:351,0
DA:362,0
DA:363,0
DA:386,0
DA:387,0
DA:388,0
DA:389,0
DA:433,0
DA:514,0
DA:515,0
DA:537,0
LF:67
LH:0
BRDA:82,0,0,0
BRDA:82,0,1,0
BRDA:105,1,0,0
BRDA:105,1,1,0
BRDA:115,2,0,0
BRDA:115,2,1,0
BRDA:135,3,0,0
BRDA:135,3,1,0
BRDA:137,4,0,0
BRDA:137,4,1,0
BRDA:168,5,0,0
BRDA:168,5,1,0
BRDA:190,6,0,0
BRDA:190,6,1,0
BRDA:191,7,0,0
BRDA:191,7,1,0
BRDA:200,8,0,0
BRDA:200,8,1,0
BRDA:202,9,0,0
BRDA:202,9,1,0
BRDA:220,10,0,0
BRDA:220,10,1,0
BRDA:230,11,0,0
BRDA:230,11,1,0
BRDA:239,12,0,0
BRDA:239,12,1,0
BRDA:241,13,0,0
BRDA:241,13,1,0
BRDA:242,14,0,0
BRDA:242,14,1,0
BRDA:249,15,0,0
BRDA:249,15,1,0
BRDA:251,16,0,0
BRDA:251,16,1,0
BRDA:252,17,0,0
BRDA:252,17,1,0
BRDA:269,18,0,0
BRDA:269,18,1,0
BRDA:296,19,0,0
BRDA:296,19,1,0
BRDA:298,20,0,0
BRDA:298,20,1,0
BRDA:299,21,0,0
BRDA:299,21,1,0
BRDA:311,22,0,0
BRDA:311,22,1,0
BRDA:313,23,0,0
BRDA:313,23,1,0
BRDA:334,24,0,0
BRDA:334,24,1,0
BRDA:344,25,0,0
BRDA:344,25,1,0
BRDA:365,26,0,0
BRDA:365,26,1,0
BRDA:368,27,0,0
BRDA:368,27,1,0
BRDA:369,28,0,0
BRDA:369,28,1,0
BRDA:372,29,0,0
BRDA:372,29,1,0
BRDA:378,30,0,0
BRDA:378,30,1,0
BRDA:379,31,0,0
BRDA:379,31,1,0
BRDA:383,32,0,0
BRDA:383,32,1,0
BRDA:392,33,0,0
BRDA:392,33,1,0
BRDA:395,34,0,0
BRDA:395,34,1,0
BRDA:395,34,2,0
BRDA:397,35,0,0
BRDA:397,35,1,0
BRDA:411,36,0,0
BRDA:411,36,1,0
BRDA:414,37,0,0
BRDA:414,37,1,0
BRDA:433,38,0,0
BRDA:433,38,1,0
BRDA:444,39,0,0
BRDA:444,39,1,0
BRDA:498,40,0,0
BRDA:498,40,1,0
BRF:83
BRH:0
end_of_record
TN:
SF:src\components\LanguageOnboarding.tsx
FN:12,LanguageOnboarding
FN:32,(anonymous_1)
FN:37,(anonymous_2)
FN:40,(anonymous_3)
FNF:4
FNH:0
FNDA:0,LanguageOnboarding
FNDA:0,(anonymous_1)
FNDA:0,(anonymous_2)
FNDA:0,(anonymous_3)
DA:13,0
DA:15,0
DA:21,0
DA:33,0
DA:34,0
DA:37,0
DA:40,0
DA:53,0
LF:8
LH:0
BRDA:40,0,0,0
BRDA:40,0,1,0
BRF:2
BRH:0
end_of_record
TN:
SF:src\components\LegalHelp.tsx
FN:14,openUrl
FN:27,LegalHelp
FN:41,(anonymous_2)
FN:42,(anonymous_3)
FN:43,(anonymous_4)
FN:51,(anonymous_5)
FN:66,(anonymous_6)
FN:83,(anonymous_7)
FN:100,(anonymous_8)
FNF:9
FNH:5
FNDA:0,openUrl
FNDA:3,LegalHelp
FNDA:0,(anonymous_2)
FNDA:0,(anonymous_3)
FNDA:0,(anonymous_4)
FNDA:3,(anonymous_5)
FNDA:3,(anonymous_6)
FNDA:3,(anonymous_7)
FNDA:3,(anonymous_8)
DA:15,0
DA:16,0
DA:17,0
DA:18,0
DA:20,0
DA:23,0
DA:28,3
DA:29,3
DA:38,3
DA:39,3
DA:41,3
DA:42,3
DA:43,3
DA:45,3
DA:51,3
DA:66,3
DA:83,3
DA:100,3
DA:120,1
LF:19
LH:13
BRDA:17,0,0,0
BRDA:17,0,1,0
BRDA:51,1,0,3
BRDA:51,1,1,0
BRDA:66,2,0,3
BRDA:66,2,1,0
BRDA:83,3,0,3
BRDA:83,3,1,0
BRDA:100,4,0,3
BRDA:100,4,1,0
BRDA:114,5,0,0
BRDA:114,5,1,3
BRF:12
BRH:5
end_of_record
TN:
SF:src\components\MapMockup.tsx
FN:32,MapMockup
FN:44,(anonymous_1)
FN:51,(anonymous_2)
FN:63,(anonymous_3)
FN:85,(anonymous_4)
FN:130,(anonymous_5)
FN:175,Pulse
FN:177,(anonymous_7)
FN:187,(anonymous_8)
FNF:9
FNH:0
FNDA:0,MapMockup
FNDA:0,(anonymous_1)
FNDA:0,(anonymous_2)
FNDA:0,(anonymous_3)
FNDA:0,(anonymous_4)
FNDA:0,(anonymous_5)
FNDA:0,Pulse
FNDA:0,(anonymous_7)
FNDA:0,(anonymous_8)
DA:23,0
DA:24,0
DA:29,0
DA:30,0
DA:39,0
DA:40,0
DA:41,0
DA:42,0
DA:44,0
DA:45,0
DA:46,0
DA:47,0
DA:48,0
DA:51,0
DA:52,0
DA:53,0
DA:54,0
DA:56,0
DA:63,0
DA:64,0
DA:65,0
DA:66,0
DA:67,0
DA:68,0
DA:69,0
DA:70,0
DA:72,0
DA:73,0
DA:74,0
DA:75,0
DA:77,0
DA:78,0
DA:79,0
DA:83,0
DA:86,0
DA:87,0
DA:92,0
DA:131,0
DA:132,0
DA:176,0
DA:177,0
DA:178,0
DA:187,0
DA:191,0
DA:194,0
LF:45
LH:0
BRDA:33,0,0,0
BRDA:34,1,0,0
BRDA:35,2,0,0
BRDA:36,3,0,0
BRDA:37,4,0,0
BRDA:52,5,0,0
BRDA:52,5,1,0
BRDA:67,6,0,0
BRDA:67,6,1,0
BRDA:83,7,0,0
BRDA:83,7,1,0
BRDA:109,8,0,0
BRDA:109,8,1,0
BRDA:111,9,0,0
BRDA:111,9,1,0
BRDA:120,10,0,0
BRDA:120,10,1,0
BRDA:120,10,2,0
BRDA:129,11,0,0
BRDA:129,11,1,0
BRDA:142,12,0,0
BRDA:142,12,1,0
BRDA:142,13,0,0
BRDA:142,13,1,0
BRDA:142,13,2,0
BRDA:142,13,3,0
BRDA:155,14,0,0
BRDA:155,14,1,0
BRDA:161,15,0,0
BRDA:161,15,1,0
BRF:30
BRH:0
end_of_record
TN:
SF:src\components\ProfileSelection.tsx
FN:15,ProfileSelection
FN:32,(anonymous_1)
FN:42,(anonymous_2)
FN:45,(anonymous_3)
FN:55,(anonymous_4)
FN:58,(anonymous_5)
FN:72,(anonymous_6)
FNF:7
FNH:6
FNDA:3,ProfileSelection
FNDA:3,(anonymous_1)
FNDA:1,(anonymous_2)
FNDA:3,(anonymous_3)
FNDA:0,(anonymous_4)
FNDA:3,(anonymous_5)
FNDA:3,(anonymous_6)
DA:16,3
DA:17,3
DA:24,3
DA:26,3
DA:32,3
DA:42,1
DA:45,3
DA:55,0
DA:58,3
DA:72,3
DA:81,1
LF:11
LH:10
BRDA:32,0,0,3
BRDA:32,0,1,0
BRDA:45,1,0,3
BRDA:45,1,1,0
BRDA:58,2,0,3
BRDA:58,2,1,0
BRDA:72,3,0,3
BRDA:72,3,1,0
BRF:8
BRH:4
end_of_record
TN:
SF:src\components\carrier\carrierCopy.ts
FN:75,getCarrierCopy
FNF:1
FNH:0
FNDA:0,getCarrierCopy
DA:21,0
DA:76,0
LF:2
LH:0
BRF:0
BRH:0
end_of_record
TN:
SF:src\components\clientHome\ClientScanModal.tsx
FN:31,ClientScanModal
FNF:1
FNH:0
FNDA:0,ClientScanModal
DA:8,0
DA:32,0
LF:2
LH:0
BRDA:55,0,0,0
BRDA:55,0,1,0
BRF:2
BRH:0
end_of_record
TN:
SF:src\config\firebase.ts
FN:5,readFirebaseOptions
FN:28,isFirebaseConfigured
FN:36,getFirebaseApp
FN:45,getFirebaseAuth
FN:54,getFirestoreDb
FNF:5
FNH:0
FNDA:0,readFirebaseOptions
FNDA:0,isFirebaseConfigured
FNDA:0,getFirebaseApp
FNDA:0,getFirebaseAuth
FNDA:0,getFirestoreDb
DA:6,0
DA:14,0
DA:22,0
DA:24,0
DA:29,0
DA:37,0
DA:38,0
DA:39,0
DA:40,0
DA:42,0
DA:46,0
DA:47,0
DA:48,0
DA:49,0
DA:51,0
DA:55,0
DA:56,0
DA:57,0
DA:58,0
DA:60,0
LF:20
LH:0
BRDA:14,0,0,0
BRDA:14,0,1,0
BRDA:15,1,0,0
BRDA:15,1,1,0
BRDA:15,1,2,0
BRDA:15,1,3,0
BRDA:15,1,4,0
BRDA:15,1,5,0
BRDA:38,2,0,0
BRDA:38,2,1,0
BRDA:39,3,0,0
BRDA:39,3,1,0
BRDA:40,4,0,0
BRDA:40,4,1,0
BRDA:47,5,0,0
BRDA:47,5,1,0
BRDA:48,6,0,0
BRDA:48,6,1,0
BRDA:56,7,0,0
BRDA:56,7,1,0
BRDA:57,8,0,0
BRDA:57,8,1,0
BRF:22
BRH:0
end_of_record
TN:
SF:src\config\publicApp.ts
FNF:0
FNH:0
DA:6,1
LF:1
LH:1
BRF:0
BRH:0
end_of_record
TN:
SF:src\hooks\useAiScanFlow.ts
FN:12,useAiScanFlow
FN:21,(anonymous_1)
FN:26,(anonymous_2)
FN:26,(anonymous_3)
FN:29,(anonymous_4)
FN:33,(anonymous_5)
FN:48,(anonymous_6)
FNF:7
FNH:7
FNDA:12,useAiScanFlow
FNDA:10,(anonymous_1)
FNDA:5,(anonymous_2)
FNDA:5,(anonymous_3)
FNDA:5,(anonymous_4)
FNDA:3,(anonymous_5)
FNDA:1,(anonymous_6)
DA:4,1
DA:5,1
DA:17,12
DA:18,12
DA:19,12
DA:21,12
DA:22,10
DA:23,10
DA:26,12
DA:28,12
DA:30,5
DA:31,5
DA:33,5
DA:34,3
DA:35,3
DA:37,3
DA:38,1
DA:40,2
DA:43,3
DA:48,3
DA:49,1
DA:50,1
DA:51,1
DA:53,3
DA:55,5
DA:60,12
LF:26
LH:26
BRDA:37,0,0,1
BRDA:37,0,1,2
BRF:2
BRH:2
end_of_record
TN:
SF:src\hooks\useClientMissionSimulation.ts
FN:14,useClientMissionSimulation
FN:25,(anonymous_1)
FN:30,(anonymous_2)
FN:39,(anonymous_3)
FN:44,(anonymous_4)
FN:47,(anonymous_5)
FNF:6
FNH:4
FNDA:4,useClientMissionSimulation
FNDA:8,(anonymous_1)
FNDA:4,(anonymous_2)
FNDA:1,(anonymous_3)
FNDA:0,(anonymous_4)
FNDA:0,(anonymous_5)
DA:4,1
DA:5,1
DA:6,1
DA:23,4
DA:25,4
DA:26,8
DA:27,8
DA:30,4
DA:31,4
DA:33,4
DA:35,4
DA:36,2
DA:37,2
DA:39,2
DA:40,1
DA:41,1
DA:42,1
DA:44,1
DA:45,0
DA:47,0
DA:48,0
DA:50,0
DA:52,1
DA:54,2
DA:55,2
DA:56,1
DA:59,4
LF:27
LH:23
BRDA:33,0,0,4
BRDA:33,0,1,1
BRDA:35,1,0,2
BRDA:35,1,1,2
BRDA:35,2,0,4
BRDA:35,2,1,3
BRDA:35,2,2,2
BRDA:55,3,0,1
BRDA:55,3,1,1
BRDA:55,4,0,2
BRDA:55,4,1,1
BRF:11
BRH:11
end_of_record
TN:
SF:src\hooks\useFirebaseBootstrap.ts
FN:9,useFirebaseBootstrap
FN:12,(anonymous_1)
FN:16,(anonymous_2)
FN:20,(anonymous_3)
FNF:4
FNH:0
FNDA:0,useFirebaseBootstrap
FNDA:0,(anonymous_1)
FNDA:0,(anonymous_2)
FNDA:0,(anonymous_3)
DA:10,0
DA:12,0
DA:13,0
DA:14,0
DA:16,0
DA:17,0
DA:18,0
DA:21,0
DA:22,0
LF:9
LH:0
BRDA:13,0,0,0
BRDA:13,0,1,0
BRDA:13,1,0,0
BRDA:13,1,1,0
BRDA:17,2,0,0
BRDA:17,2,1,0
BRDA:17,3,0,0
BRDA:17,3,1,0
BRDA:21,4,0,0
BRDA:21,4,1,0
BRF:10
BRH:0
end_of_record
TN:
SF:src\hooks\useReviewTariffDelay.ts
FN:8,useReviewTariffDelay
FN:12,(anonymous_1)
FN:12,(anonymous_2)
FN:18,(anonymous_3)
FN:20,(anonymous_4)
FNF:5
FNH:5
FNDA:3,useReviewTariffDelay
FNDA:3,(anonymous_1)
FNDA:3,(anonymous_2)
FNDA:4,(anonymous_3)
FNDA:2,(anonymous_4)
DA:3,1
DA:9,3
DA:11,3
DA:12,3
DA:13,3
DA:18,3
DA:19,4
DA:20,4
DA:21,2
DA:22,2
LF:10
LH:10
BRDA:13,0,0,1
BRDA:13,0,1,2
BRDA:19,1,0,1
BRDA:19,1,1,3
BRF:4
BRH:4
end_of_record
TN:
SF:src\i18n\useT.ts
FN:9,useT
FN:10,(anonymous_1)
FN:11,(anonymous_2)
FNF:3
FNH:3
FNDA:6,useT
FNDA:18,(anonymous_1)
FNDA:45,(anonymous_2)
DA:10,18
DA:11,45
LF:2
LH:2
BRF:0
BRH:0
end_of_record
TN:
SF:src\i18n\locales\ca.ts
FNF:0
FNH:0
DA:3,3
LF:1
LH:1
BRF:0
BRH:0
end_of_record
TN:
SF:src\i18n\locales\en.ts
FNF:0
FNH:0
DA:3,3
LF:1
LH:1
BRF:0
BRH:0
end_of_record
TN:
SF:src\i18n\locales\es.ts
FNF:0
FNH:0
DA:35,3
LF:1
LH:1
BRF:0
BRH:0
end_of_record
TN:
SF:src\services\firebase\bootstrap.ts
FN:9,bootstrapFirebaseUser
FNF:1
FNH:0
FNDA:0,bootstrapFirebaseUser
DA:10,0
DA:11,0
DA:12,0
DA:13,0
DA:16,0
DA:17,0
DA:19,0
DA:28,0
LF:8
LH:0
BRDA:12,0,0,0
BRDA:12,0,1,0
BRDA:12,1,0,0
BRDA:12,1,1,0
BRF:4
BRH:0
end_of_record
TN:
SF:src\services\monitoring\sentry.ts
FN:22,loadSentry
FN:32,getSentryDsn
FN:37,isSentryEnabled
FN:41,initSentry
FN:62,captureException
FN:76,wrapRootComponent
FNF:6
FNH:0
FNDA:0,loadSentry
FNDA:0,getSentryDsn
FNDA:0,isSentryEnabled
FNDA:0,initSentry
FNDA:0,captureException
FNDA:0,wrapRootComponent
DA:19,0
DA:20,0
DA:23,0
DA:24,0
DA:25,0
DA:26,0
DA:28,0
DA:33,0
DA:34,0
DA:38,0
DA:42,0
DA:43,0
DA:44,0
DA:46,0
DA:47,0
DA:49,0
DA:50,0
DA:56,0
DA:58,0
DA:63,0
DA:64,0
DA:65,0
DA:66,0
DA:67,0
DA:69,0
DA:77,0
DA:78,0
DA:79,0
DA:80,0
DA:81,0
DA:83,0
LF:31
LH:0
BRDA:23,0,0,0
BRDA:23,0,1,0
BRDA:34,1,0,0
BRDA:34,1,1,0
BRDA:34,2,0,0
BRDA:34,2,1,0
BRDA:42,3,0,0
BRDA:42,3,1,0
BRDA:44,4,0,0
BRDA:44,4,1,0
BRDA:47,5,0,0
BRDA:47,5,1,0
BRDA:58,6,0,0
BRDA:58,6,1,0
BRDA:63,7,0,0
BRDA:63,7,1,0
BRDA:65,8,0,0
BRDA:65,8,1,0
BRDA:67,9,0,0
BRDA:67,9,1,0
BRDA:69,10,0,0
BRDA:69,10,1,0
BRDA:77,11,0,0
BRDA:77,11,1,0
BRDA:79,12,0,0
BRDA:79,12,1,0
BRF:26
BRH:0
end_of_record
TN:
SF:src\store\appStore.ts
FN:29,(anonymous_0)
FN:32,(anonymous_1)
FN:34,(anonymous_2)
FN:40,(anonymous_3)
FN:42,(anonymous_4)
FN:44,(anonymous_5)
FN:45,(anonymous_6)
FN:53,(anonymous_7)
FN:54,(anonymous_8)
FN:59,(anonymous_9)
FN:63,(anonymous_10)
FN:64,(anonymous_11)
FN:65,(anonymous_12)
FN:66,(anonymous_13)
FNF:14
FNH:9
FNDA:3,(anonymous_0)
FNDA:1,(anonymous_1)
FNDA:2,(anonymous_2)
FNDA:0,(anonymous_3)
FNDA:2,(anonymous_4)
FNDA:3,(anonymous_5)
FNDA:3,(anonymous_6)
FNDA:1,(anonymous_7)
FNDA:1,(anonymous_8)
FNDA:12,(anonymous_9)
FNDA:0,(anonymous_10)
FNDA:0,(anonymous_11)
FNDA:0,(anonymous_12)
FNDA:0,(anonymous_13)
DA:23,3
DA:29,3
DA:32,1
DA:35,2
DA:40,0
DA:42,2
DA:45,3
DA:46,3
DA:47,2
DA:54,1
DA:59,12
DA:63,3
DA:64,3
DA:65,3
DA:66,3
LF:15
LH:14
BRDA:37,0,0,1
BRDA:37,0,1,1
BRDA:46,1,0,1
BRDA:46,1,1,2
BRDA:55,2,0,1
BRDA:55,2,1,0
BRF:6
BRH:5
end_of_record
TN:
SF:src\utils\missionPricing.ts
FN:21,computeMissionPrice
FN:34,(anonymous_1)
FNF:2
FNH:2
FNDA:17,computeMissionPrice
FNDA:9,(anonymous_1)
DA:10,2
DA:11,2
DA:12,2
DA:14,2
DA:27,17
DA:29,17
DA:30,17
DA:31,10
DA:32,10
DA:34,7
DA:35,9
DA:36,9
DA:38,7
DA:39,3
DA:43,17
DA:44,17
DA:46,17
LF:17
LH:17
BRDA:30,0,0,10
BRDA:30,0,1,7
BRDA:38,1,0,3
BRDA:38,1,1,4
BRDA:44,2,0,4
BRDA:44,2,1,13
BRDA:50,3,0,10
BRDA:50,3,1,7
BRF:8
BRH:8
end_of_record
